arraybench_(1)_0.001
slurmstepd: error: execve(): arraybench_1: No such file or directory
srun: error: r2i7n2: task 0: Exited with exit code 2
srun: launch/slurm: _step_signal: Terminating StepId=5691655.0

arraybench_(1)_0.005
slurmstepd: error: execve(): arraybench_1: No such file or directory
srun: error: r2i7n2: task 0: Exited with exit code 2
srun: launch/slurm: _step_signal: Terminating StepId=5691655.1

arraybench_(1)_0.01
slurmstepd: error: execve(): arraybench_1: No such file or directory
srun: error: r2i7n2: task 0: Exited with exit code 2
srun: launch/slurm: _step_signal: Terminating StepId=5691655.2

arraybench_(1)_0.05
slurmstepd: error: execve(): arraybench_1: No such file or directory
srun: error: r2i7n2: task 0: Exited with exit code 2
srun: launch/slurm: _step_signal: Terminating StepId=5691655.3

arraybench_(1)_0.1
slurmstepd: error: execve(): arraybench_1: No such file or directory
srun: error: r2i7n2: task 0: Exited with exit code 2
srun: launch/slurm: _step_signal: Terminating StepId=5691655.4

arraybench_(1)_0.5
slurmstepd: error: execve(): arraybench_1: No such file or directory
srun: error: r2i7n2: task 0: Exited with exit code 2
srun: launch/slurm: _step_signal: Terminating StepId=5691655.5

arraybench_(1)_1
slurmstepd: error: execve(): arraybench_1: No such file or directory
srun: error: r2i7n2: task 0: Exited with exit code 2
srun: launch/slurm: _step_signal: Terminating StepId=5691655.6

arraybench_(1)_5
slurmstepd: error: execve(): arraybench_1: No such file or directory
srun: error: r2i7n2: task 0: Exited with exit code 2
srun: launch/slurm: _step_signal: Terminating StepId=5691655.7

arraybench_(1)_10
slurmstepd: error: execve(): arraybench_1: No such file or directory
srun: error: r2i7n2: task 0: Exited with exit code 2
srun: launch/slurm: _step_signal: Terminating StepId=5691655.8

arraybench_(1)_20
slurmstepd: error: execve(): arraybench_1: No such file or directory
srun: error: r2i7n2: task 0: Exited with exit code 2
srun: launch/slurm: _step_signal: Terminating StepId=5691655.9

arraybench_(1)_30
slurmstepd: error: execve(): arraybench_1: No such file or directory
srun: error: r2i7n2: task 0: Exited with exit code 2
srun: launch/slurm: _step_signal: Terminating StepId=5691655.10

arraybench_(1)_40
slurmstepd: error: execve(): arraybench_1: No such file or directory
srun: error: r2i7n2: task 0: Exited with exit code 2
srun: launch/slurm: _step_signal: Terminating StepId=5691655.11

arraybench_(1)_50
slurmstepd: error: execve(): arraybench_1: No such file or directory
srun: error: r2i7n2: task 0: Exited with exit code 2
srun: launch/slurm: _step_signal: Terminating StepId=5691655.12

arraybench_(1)_60
slurmstepd: error: execve(): arraybench_1: No such file or directory
srun: error: r2i7n2: task 0: Exited with exit code 2
srun: launch/slurm: _step_signal: Terminating StepId=5691655.13

arraybench_(1)_70
slurmstepd: error: execve(): arraybench_1: No such file or directory
srun: error: r2i7n2: task 0: Exited with exit code 2
srun: launch/slurm: _step_signal: Terminating StepId=5691655.14

arraybench_(1)_80
slurmstepd: error: execve(): arraybench_1: No such file or directory
srun: error: r2i7n2: task 0: Exited with exit code 2
srun: launch/slurm: _step_signal: Terminating StepId=5691655.15

arraybench_(1)_90
slurmstepd: error: execve(): arraybench_1: No such file or directory
srun: error: r2i7n2: task 0: Exited with exit code 2
srun: launch/slurm: _step_signal: Terminating StepId=5691655.16

arraybench_(1)_100
slurmstepd: error: execve(): arraybench_1: No such file or directory
srun: error: r2i7n2: task 0: Exited with exit code 2
srun: launch/slurm: _step_signal: Terminating StepId=5691655.17

Parameters not found in the file.
arraybench_(3)_0.001
slurmstepd: error: execve(): arraybench_3: No such file or directory
srun: error: r2i7n2: task 0: Exited with exit code 2
srun: launch/slurm: _step_signal: Terminating StepId=5691655.18

arraybench_(3)_0.005
slurmstepd: error: execve(): arraybench_3: No such file or directory
srun: error: r2i7n2: task 0: Exited with exit code 2
srun: launch/slurm: _step_signal: Terminating StepId=5691655.19

arraybench_(3)_0.01
slurmstepd: error: execve(): arraybench_3: No such file or directory
srun: error: r2i7n2: task 0: Exited with exit code 2
srun: launch/slurm: _step_signal: Terminating StepId=5691655.20

arraybench_(3)_0.05
slurmstepd: error: execve(): arraybench_3: No such file or directory
srun: error: r2i7n2: task 0: Exited with exit code 2
srun: launch/slurm: _step_signal: Terminating StepId=5691655.21

arraybench_(3)_0.1
slurmstepd: error: execve(): arraybench_3: No such file or directory
srun: error: r2i7n2: task 0: Exited with exit code 2
srun: launch/slurm: _step_signal: Terminating StepId=5691655.22

arraybench_(3)_0.5
slurmstepd: error: execve(): arraybench_3: No such file or directory
srun: error: r2i7n2: task 0: Exited with exit code 2
srun: launch/slurm: _step_signal: Terminating StepId=5691655.23

arraybench_(3)_1
slurmstepd: error: execve(): arraybench_3: No such file or directory
srun: error: r2i7n2: task 0: Exited with exit code 2
srun: launch/slurm: _step_signal: Terminating StepId=5691655.24

arraybench_(3)_5
slurmstepd: error: execve(): arraybench_3: No such file or directory
srun: error: r2i7n2: task 0: Exited with exit code 2
srun: launch/slurm: _step_signal: Terminating StepId=5691655.25

arraybench_(3)_10
slurmstepd: error: execve(): arraybench_3: No such file or directory
srun: error: r2i7n2: task 0: Exited with exit code 2
srun: launch/slurm: _step_signal: Terminating StepId=5691655.26

arraybench_(3)_20
slurmstepd: error: execve(): arraybench_3: No such file or directory
srun: error: r2i7n2: task 0: Exited with exit code 2
srun: launch/slurm: _step_signal: Terminating StepId=5691655.27

arraybench_(3)_30
slurmstepd: error: execve(): arraybench_3: No such file or directory
srun: error: r2i7n2: task 0: Exited with exit code 2
srun: launch/slurm: _step_signal: Terminating StepId=5691655.28

arraybench_(3)_40
slurmstepd: error: execve(): arraybench_3: No such file or directory
srun: error: r2i7n2: task 0: Exited with exit code 2
srun: launch/slurm: _step_signal: Terminating StepId=5691655.29

arraybench_(3)_50
slurmstepd: error: execve(): arraybench_3: No such file or directory
srun: error: r2i7n2: task 0: Exited with exit code 2
srun: launch/slurm: _step_signal: Terminating StepId=5691655.30

arraybench_(3)_60
slurmstepd: error: execve(): arraybench_3: No such file or directory
srun: error: r2i7n2: task 0: Exited with exit code 2
srun: launch/slurm: _step_signal: Terminating StepId=5691655.31

arraybench_(3)_70
slurmstepd: error: execve(): arraybench_3: No such file or directory
srun: error: r2i7n2: task 0: Exited with exit code 2
srun: launch/slurm: _step_signal: Terminating StepId=5691655.32

arraybench_(3)_80
slurmstepd: error: execve(): arraybench_3: No such file or directory
srun: error: r2i7n2: task 0: Exited with exit code 2
srun: launch/slurm: _step_signal: Terminating StepId=5691655.33

arraybench_(3)_90
slurmstepd: error: execve(): arraybench_3: No such file or directory
srun: error: r2i7n2: task 0: Exited with exit code 2
srun: launch/slurm: _step_signal: Terminating StepId=5691655.34

arraybench_(3)_100
slurmstepd: error: execve(): arraybench_3: No such file or directory
srun: error: r2i7n2: task 0: Exited with exit code 2
srun: launch/slurm: _step_signal: Terminating StepId=5691655.35

Parameters not found in the file.
arraybench_(9)_0.001
slurmstepd: error: execve(): arraybench_9: No such file or directory
srun: error: r2i7n2: task 0: Exited with exit code 2
srun: launch/slurm: _step_signal: Terminating StepId=5691655.36

arraybench_(9)_0.005
slurmstepd: error: execve(): arraybench_9: No such file or directory
srun: error: r2i7n2: task 0: Exited with exit code 2
srun: launch/slurm: _step_signal: Terminating StepId=5691655.37

arraybench_(9)_0.01
slurmstepd: error: execve(): arraybench_9: No such file or directory
srun: error: r2i7n2: task 0: Exited with exit code 2
srun: launch/slurm: _step_signal: Terminating StepId=5691655.38

arraybench_(9)_0.05
slurmstepd: error: execve(): arraybench_9: No such file or directory
srun: error: r2i7n2: task 0: Exited with exit code 2
srun: launch/slurm: _step_signal: Terminating StepId=5691655.39

arraybench_(9)_0.1
slurmstepd: error: execve(): arraybench_9: No such file or directory
srun: error: r2i7n2: task 0: Exited with exit code 2
srun: launch/slurm: _step_signal: Terminating StepId=5691655.40

arraybench_(9)_0.5
slurmstepd: error: execve(): arraybench_9: No such file or directory
srun: error: r2i7n2: task 0: Exited with exit code 2
srun: launch/slurm: _step_signal: Terminating StepId=5691655.41

arraybench_(9)_1
slurmstepd: error: execve(): arraybench_9: No such file or directory
srun: error: r2i7n2: task 0: Exited with exit code 2
srun: launch/slurm: _step_signal: Terminating StepId=5691655.42

arraybench_(9)_5
slurmstepd: error: execve(): arraybench_9: No such file or directory
srun: error: r2i7n2: task 0: Exited with exit code 2
srun: launch/slurm: _step_signal: Terminating StepId=5691655.43

arraybench_(9)_10
slurmstepd: error: execve(): arraybench_9: No such file or directory
srun: error: r2i7n2: task 0: Exited with exit code 2
srun: launch/slurm: _step_signal: Terminating StepId=5691655.44

arraybench_(9)_20
slurmstepd: error: execve(): arraybench_9: No such file or directory
srun: error: r2i7n2: task 0: Exited with exit code 2
srun: launch/slurm: _step_signal: Terminating StepId=5691655.45

arraybench_(9)_30
slurmstepd: error: execve(): arraybench_9: No such file or directory
srun: error: r2i7n2: task 0: Exited with exit code 2
srun: launch/slurm: _step_signal: Terminating StepId=5691655.46

arraybench_(9)_40
slurmstepd: error: execve(): arraybench_9: No such file or directory
srun: error: r2i7n2: task 0: Exited with exit code 2
srun: launch/slurm: _step_signal: Terminating StepId=5691655.47

arraybench_(9)_50
slurmstepd: error: execve(): arraybench_9: No such file or directory
srun: error: r2i7n2: task 0: Exited with exit code 2
srun: launch/slurm: _step_signal: Terminating StepId=5691655.48

arraybench_(9)_60
slurmstepd: error: execve(): arraybench_9: No such file or directory
srun: error: r2i7n2: task 0: Exited with exit code 2
srun: launch/slurm: _step_signal: Terminating StepId=5691655.49

arraybench_(9)_70
slurmstepd: error: execve(): arraybench_9: No such file or directory
srun: error: r2i7n2: task 0: Exited with exit code 2
srun: launch/slurm: _step_signal: Terminating StepId=5691655.50

arraybench_(9)_80
slurmstepd: error: execve(): arraybench_9: No such file or directory
srun: error: r2i7n2: task 0: Exited with exit code 2
srun: launch/slurm: _step_signal: Terminating StepId=5691655.51

arraybench_(9)_90
slurmstepd: error: execve(): arraybench_9: No such file or directory
srun: error: r2i7n2: task 0: Exited with exit code 2
srun: launch/slurm: _step_signal: Terminating StepId=5691655.52

arraybench_(9)_100
slurmstepd: error: execve(): arraybench_9: No such file or directory
srun: error: r2i7n2: task 0: Exited with exit code 2
srun: launch/slurm: _step_signal: Terminating StepId=5691655.53

Parameters not found in the file.
arraybench_(27)_0.001
slurmstepd: error: execve(): arraybench_27: No such file or directory
srun: error: r2i7n2: task 0: Exited with exit code 2
srun: launch/slurm: _step_signal: Terminating StepId=5691655.54

arraybench_(27)_0.005
slurmstepd: error: execve(): arraybench_27: No such file or directory
srun: error: r2i7n2: task 0: Exited with exit code 2
srun: launch/slurm: _step_signal: Terminating StepId=5691655.55

arraybench_(27)_0.01
slurmstepd: error: execve(): arraybench_27: No such file or directory
srun: error: r2i7n2: task 0: Exited with exit code 2
srun: launch/slurm: _step_signal: Terminating StepId=5691655.56

arraybench_(27)_0.05
slurmstepd: error: execve(): arraybench_27: No such file or directory
srun: error: r2i7n2: task 0: Exited with exit code 2
srun: launch/slurm: _step_signal: Terminating StepId=5691655.57

arraybench_(27)_0.1
slurmstepd: error: execve(): arraybench_27: No such file or directory
srun: error: r2i7n2: task 0: Exited with exit code 2
srun: launch/slurm: _step_signal: Terminating StepId=5691655.58

arraybench_(27)_0.5
slurmstepd: error: execve(): arraybench_27: No such file or directory
srun: error: r2i7n2: task 0: Exited with exit code 2
srun: launch/slurm: _step_signal: Terminating StepId=5691655.59

arraybench_(27)_1
slurmstepd: error: execve(): arraybench_27: No such file or directory
srun: error: r2i7n2: task 0: Exited with exit code 2
srun: launch/slurm: _step_signal: Terminating StepId=5691655.60

arraybench_(27)_5
slurmstepd: error: execve(): arraybench_27: No such file or directory
srun: error: r2i7n2: task 0: Exited with exit code 2
srun: launch/slurm: _step_signal: Terminating StepId=5691655.61

arraybench_(27)_10
slurmstepd: error: execve(): arraybench_27: No such file or directory
srun: error: r2i7n2: task 0: Exited with exit code 2
srun: launch/slurm: _step_signal: Terminating StepId=5691655.62

arraybench_(27)_20
slurmstepd: error: execve(): arraybench_27: No such file or directory
srun: error: r2i7n2: task 0: Exited with exit code 2
srun: launch/slurm: _step_signal: Terminating StepId=5691655.63

arraybench_(27)_30
slurmstepd: error: execve(): arraybench_27: No such file or directory
srun: error: r2i7n2: task 0: Exited with exit code 2
srun: launch/slurm: _step_signal: Terminating StepId=5691655.64

arraybench_(27)_40
slurmstepd: error: execve(): arraybench_27: No such file or directory
srun: error: r2i7n2: task 0: Exited with exit code 2
srun: launch/slurm: _step_signal: Terminating StepId=5691655.65

arraybench_(27)_50
slurmstepd: error: execve(): arraybench_27: No such file or directory
srun: error: r2i7n2: task 0: Exited with exit code 2
srun: launch/slurm: _step_signal: Terminating StepId=5691655.66

arraybench_(27)_60
slurmstepd: error: execve(): arraybench_27: No such file or directory
srun: error: r2i7n2: task 0: Exited with exit code 2
srun: launch/slurm: _step_signal: Terminating StepId=5691655.67

arraybench_(27)_70
slurmstepd: error: execve(): arraybench_27: No such file or directory
srun: error: r2i7n2: task 0: Exited with exit code 2
srun: launch/slurm: _step_signal: Terminating StepId=5691655.68

arraybench_(27)_80
slurmstepd: error: execve(): arraybench_27: No such file or directory
srun: error: r2i7n2: task 0: Exited with exit code 2
srun: launch/slurm: _step_signal: Terminating StepId=5691655.69

arraybench_(27)_90
slurmstepd: error: execve(): arraybench_27: No such file or directory
srun: error: r2i7n2: task 0: Exited with exit code 2
srun: launch/slurm: _step_signal: Terminating StepId=5691655.70

arraybench_(27)_100
slurmstepd: error: execve(): arraybench_27: No such file or directory
srun: error: r2i7n2: task 0: Exited with exit code 2
srun: launch/slurm: _step_signal: Terminating StepId=5691655.71

Parameters not found in the file.
arraybench_(81)_0.001
slurmstepd: error: execve(): arraybench_81: No such file or directory
srun: error: r2i7n2: task 0: Exited with exit code 2
srun: launch/slurm: _step_signal: Terminating StepId=5691655.72

arraybench_(81)_0.005
slurmstepd: error: execve(): arraybench_81: No such file or directory
srun: error: r2i7n2: task 0: Exited with exit code 2
srun: launch/slurm: _step_signal: Terminating StepId=5691655.73

arraybench_(81)_0.01
slurmstepd: error: execve(): arraybench_81: No such file or directory
srun: error: r2i7n2: task 0: Exited with exit code 2
srun: launch/slurm: _step_signal: Terminating StepId=5691655.74

arraybench_(81)_0.05
slurmstepd: error: execve(): arraybench_81: No such file or directory
srun: error: r2i7n2: task 0: Exited with exit code 2
srun: launch/slurm: _step_signal: Terminating StepId=5691655.75

arraybench_(81)_0.1
slurmstepd: error: execve(): arraybench_81: No such file or directory
srun: error: r2i7n2: task 0: Exited with exit code 2
srun: launch/slurm: _step_signal: Terminating StepId=5691655.76

arraybench_(81)_0.5
slurmstepd: error: execve(): arraybench_81: No such file or directory
srun: error: r2i7n2: task 0: Exited with exit code 2
srun: launch/slurm: _step_signal: Terminating StepId=5691655.77

arraybench_(81)_1
slurmstepd: error: execve(): arraybench_81: No such file or directory
srun: error: r2i7n2: task 0: Exited with exit code 2
srun: launch/slurm: _step_signal: Terminating StepId=5691655.78

arraybench_(81)_5
slurmstepd: error: execve(): arraybench_81: No such file or directory
srun: error: r2i7n2: task 0: Exited with exit code 2
srun: launch/slurm: _step_signal: Terminating StepId=5691655.79

arraybench_(81)_10
slurmstepd: error: execve(): arraybench_81: No such file or directory
srun: error: r2i7n2: task 0: Exited with exit code 2
srun: launch/slurm: _step_signal: Terminating StepId=5691655.80

arraybench_(81)_20
slurmstepd: error: execve(): arraybench_81: No such file or directory
srun: error: r2i7n2: task 0: Exited with exit code 2
srun: launch/slurm: _step_signal: Terminating StepId=5691655.81

arraybench_(81)_30
slurmstepd: error: execve(): arraybench_81: No such file or directory
srun: error: r2i7n2: task 0: Exited with exit code 2
srun: launch/slurm: _step_signal: Terminating StepId=5691655.82

arraybench_(81)_40
slurmstepd: error: execve(): arraybench_81: No such file or directory
srun: error: r2i7n2: task 0: Exited with exit code 2
srun: launch/slurm: _step_signal: Terminating StepId=5691655.83

arraybench_(81)_50
slurmstepd: error: execve(): arraybench_81: No such file or directory
srun: error: r2i7n2: task 0: Exited with exit code 2
srun: launch/slurm: _step_signal: Terminating StepId=5691655.84

arraybench_(81)_60
slurmstepd: error: execve(): arraybench_81: No such file or directory
srun: error: r2i7n2: task 0: Exited with exit code 2
srun: launch/slurm: _step_signal: Terminating StepId=5691655.85

arraybench_(81)_70
slurmstepd: error: execve(): arraybench_81: No such file or directory
srun: error: r2i7n2: task 0: Exited with exit code 2
srun: launch/slurm: _step_signal: Terminating StepId=5691655.86

arraybench_(81)_80
slurmstepd: error: execve(): arraybench_81: No such file or directory
srun: error: r2i7n2: task 0: Exited with exit code 2
srun: launch/slurm: _step_signal: Terminating StepId=5691655.87

arraybench_(81)_90
slurmstepd: error: execve(): arraybench_81: No such file or directory
srun: error: r2i7n2: task 0: Exited with exit code 2
srun: launch/slurm: _step_signal: Terminating StepId=5691655.88

arraybench_(81)_100
slurmstepd: error: execve(): arraybench_81: No such file or directory
srun: error: r2i7n2: task 0: Exited with exit code 2
srun: launch/slurm: _step_signal: Terminating StepId=5691655.89

Parameters not found in the file.
arraybench_(243)_0.001
slurmstepd: error: execve(): arraybench_243: No such file or directory
srun: error: r2i7n2: task 0: Exited with exit code 2
srun: launch/slurm: _step_signal: Terminating StepId=5691655.90

arraybench_(243)_0.005
slurmstepd: error: execve(): arraybench_243: No such file or directory
srun: error: r2i7n2: task 0: Exited with exit code 2
srun: launch/slurm: _step_signal: Terminating StepId=5691655.91

arraybench_(243)_0.01
slurmstepd: error: execve(): arraybench_243: No such file or directory
srun: error: r2i7n2: task 0: Exited with exit code 2
srun: launch/slurm: _step_signal: Terminating StepId=5691655.92

arraybench_(243)_0.05
slurmstepd: error: execve(): arraybench_243: No such file or directory
srun: error: r2i7n2: task 0: Exited with exit code 2
srun: launch/slurm: _step_signal: Terminating StepId=5691655.93

arraybench_(243)_0.1
slurmstepd: error: execve(): arraybench_243: No such file or directory
srun: error: r2i7n2: task 0: Exited with exit code 2
srun: launch/slurm: _step_signal: Terminating StepId=5691655.94

arraybench_(243)_0.5
slurmstepd: error: execve(): arraybench_243: No such file or directory
srun: error: r2i7n2: task 0: Exited with exit code 2
srun: launch/slurm: _step_signal: Terminating StepId=5691655.95

arraybench_(243)_1
slurmstepd: error: execve(): arraybench_243: No such file or directory
srun: error: r2i7n2: task 0: Exited with exit code 2
srun: launch/slurm: _step_signal: Terminating StepId=5691655.96

arraybench_(243)_5
slurmstepd: error: execve(): arraybench_243: No such file or directory
srun: error: r2i7n2: task 0: Exited with exit code 2
srun: launch/slurm: _step_signal: Terminating StepId=5691655.97

arraybench_(243)_10
slurmstepd: error: execve(): arraybench_243: No such file or directory
srun: error: r2i7n2: task 0: Exited with exit code 2
srun: launch/slurm: _step_signal: Terminating StepId=5691655.98

arraybench_(243)_20
slurmstepd: error: execve(): arraybench_243: No such file or directory
srun: error: r2i7n2: task 0: Exited with exit code 2
srun: launch/slurm: _step_signal: Terminating StepId=5691655.99

arraybench_(243)_30
slurmstepd: error: execve(): arraybench_243: No such file or directory
srun: error: r2i7n2: task 0: Exited with exit code 2
srun: launch/slurm: _step_signal: Terminating StepId=5691655.100

arraybench_(243)_40
slurmstepd: error: execve(): arraybench_243: No such file or directory
srun: error: r2i7n2: task 0: Exited with exit code 2
srun: launch/slurm: _step_signal: Terminating StepId=5691655.101

arraybench_(243)_50
slurmstepd: error: execve(): arraybench_243: No such file or directory
srun: error: r2i7n2: task 0: Exited with exit code 2
srun: launch/slurm: _step_signal: Terminating StepId=5691655.102

arraybench_(243)_60
slurmstepd: error: execve(): arraybench_243: No such file or directory
srun: error: r2i7n2: task 0: Exited with exit code 2
srun: launch/slurm: _step_signal: Terminating StepId=5691655.103

arraybench_(243)_70
slurmstepd: error: execve(): arraybench_243: No such file or directory
srun: error: r2i7n2: task 0: Exited with exit code 2
srun: launch/slurm: _step_signal: Terminating StepId=5691655.104

arraybench_(243)_80
slurmstepd: error: execve(): arraybench_243: No such file or directory
srun: error: r2i7n2: task 0: Exited with exit code 2
srun: launch/slurm: _step_signal: Terminating StepId=5691655.105

arraybench_(243)_90
slurmstepd: error: execve(): arraybench_243: No such file or directory
srun: error: r2i7n2: task 0: Exited with exit code 2
srun: launch/slurm: _step_signal: Terminating StepId=5691655.106

arraybench_(243)_100
slurmstepd: error: execve(): arraybench_243: No such file or directory
srun: error: r2i7n2: task 0: Exited with exit code 2
srun: launch/slurm: _step_signal: Terminating StepId=5691655.107

Parameters not found in the file.
arraybench_(729)_0.001
slurmstepd: error: execve(): arraybench_729: No such file or directory
srun: error: r2i7n2: task 0: Exited with exit code 2
srun: launch/slurm: _step_signal: Terminating StepId=5691655.108

arraybench_(729)_0.005
slurmstepd: error: execve(): arraybench_729: No such file or directory
srun: error: r2i7n2: task 0: Exited with exit code 2
srun: launch/slurm: _step_signal: Terminating StepId=5691655.109

arraybench_(729)_0.01
slurmstepd: error: execve(): arraybench_729: No such file or directory
srun: error: r2i7n2: task 0: Exited with exit code 2
srun: launch/slurm: _step_signal: Terminating StepId=5691655.110

arraybench_(729)_0.05
slurmstepd: error: execve(): arraybench_729: No such file or directory
srun: error: r2i7n2: task 0: Exited with exit code 2
srun: launch/slurm: _step_signal: Terminating StepId=5691655.111

arraybench_(729)_0.1
slurmstepd: error: execve(): arraybench_729: No such file or directory
srun: error: r2i7n2: task 0: Exited with exit code 2
srun: launch/slurm: _step_signal: Terminating StepId=5691655.112

arraybench_(729)_0.5
slurmstepd: error: execve(): arraybench_729: No such file or directory
srun: error: r2i7n2: task 0: Exited with exit code 2
srun: launch/slurm: _step_signal: Terminating StepId=5691655.113

arraybench_(729)_1
slurmstepd: error: execve(): arraybench_729: No such file or directory
srun: error: r2i7n2: task 0: Exited with exit code 2
srun: launch/slurm: _step_signal: Terminating StepId=5691655.114

arraybench_(729)_5
slurmstepd: error: execve(): arraybench_729: No such file or directory
srun: error: r2i7n2: task 0: Exited with exit code 2
srun: launch/slurm: _step_signal: Terminating StepId=5691655.115

arraybench_(729)_10
slurmstepd: error: execve(): arraybench_729: No such file or directory
srun: error: r2i7n2: task 0: Exited with exit code 2
srun: launch/slurm: _step_signal: Terminating StepId=5691655.116

arraybench_(729)_20
slurmstepd: error: execve(): arraybench_729: No such file or directory
srun: error: r2i7n2: task 0: Exited with exit code 2
srun: launch/slurm: _step_signal: Terminating StepId=5691655.117

arraybench_(729)_30
slurmstepd: error: execve(): arraybench_729: No such file or directory
srun: error: r2i7n2: task 0: Exited with exit code 2
srun: launch/slurm: _step_signal: Terminating StepId=5691655.118

arraybench_(729)_40
slurmstepd: error: execve(): arraybench_729: No such file or directory
srun: error: r2i7n2: task 0: Exited with exit code 2
srun: launch/slurm: _step_signal: Terminating StepId=5691655.119

arraybench_(729)_50
slurmstepd: error: execve(): arraybench_729: No such file or directory
srun: error: r2i7n2: task 0: Exited with exit code 2
srun: launch/slurm: _step_signal: Terminating StepId=5691655.120

arraybench_(729)_60
slurmstepd: error: execve(): arraybench_729: No such file or directory
srun: error: r2i7n2: task 0: Exited with exit code 2
srun: launch/slurm: _step_signal: Terminating StepId=5691655.121

arraybench_(729)_70
slurmstepd: error: execve(): arraybench_729: No such file or directory
srun: error: r2i7n2: task 0: Exited with exit code 2
srun: launch/slurm: _step_signal: Terminating StepId=5691655.122

arraybench_(729)_80
slurmstepd: error: execve(): arraybench_729: No such file or directory
srun: error: r2i7n2: task 0: Exited with exit code 2
srun: launch/slurm: _step_signal: Terminating StepId=5691655.123

arraybench_(729)_90
slurmstepd: error: execve(): arraybench_729: No such file or directory
srun: error: r2i7n2: task 0: Exited with exit code 2
srun: launch/slurm: _step_signal: Terminating StepId=5691655.124

arraybench_(729)_100
slurmstepd: error: execve(): arraybench_729: No such file or directory
srun: error: r2i7n2: task 0: Exited with exit code 2
srun: launch/slurm: _step_signal: Terminating StepId=5691655.125

Parameters not found in the file.
arraybench_(2187)_0.001
slurmstepd: error: execve(): arraybench_2187: No such file or directory
srun: error: r2i7n2: task 0: Exited with exit code 2
srun: launch/slurm: _step_signal: Terminating StepId=5691655.126

arraybench_(2187)_0.005
slurmstepd: error: execve(): arraybench_2187: No such file or directory
srun: error: r2i7n2: task 0: Exited with exit code 2
srun: launch/slurm: _step_signal: Terminating StepId=5691655.127

arraybench_(2187)_0.01
slurmstepd: error: execve(): arraybench_2187: No such file or directory
srun: error: r2i7n2: task 0: Exited with exit code 2
srun: launch/slurm: _step_signal: Terminating StepId=5691655.128

arraybench_(2187)_0.05
slurmstepd: error: execve(): arraybench_2187: No such file or directory
srun: error: r2i7n2: task 0: Exited with exit code 2
srun: launch/slurm: _step_signal: Terminating StepId=5691655.129

arraybench_(2187)_0.1
slurmstepd: error: execve(): arraybench_2187: No such file or directory
srun: error: r2i7n2: task 0: Exited with exit code 2
srun: launch/slurm: _step_signal: Terminating StepId=5691655.130

arraybench_(2187)_0.5
slurmstepd: error: execve(): arraybench_2187: No such file or directory
srun: error: r2i7n2: task 0: Exited with exit code 2
srun: launch/slurm: _step_signal: Terminating StepId=5691655.131

arraybench_(2187)_1
slurmstepd: error: execve(): arraybench_2187: No such file or directory
srun: error: r2i7n2: task 0: Exited with exit code 2
srun: launch/slurm: _step_signal: Terminating StepId=5691655.132

arraybench_(2187)_5
slurmstepd: error: execve(): arraybench_2187: No such file or directory
srun: error: r2i7n2: task 0: Exited with exit code 2
srun: launch/slurm: _step_signal: Terminating StepId=5691655.133

arraybench_(2187)_10
slurmstepd: error: execve(): arraybench_2187: No such file or directory
srun: error: r2i7n2: task 0: Exited with exit code 2
srun: launch/slurm: _step_signal: Terminating StepId=5691655.134

arraybench_(2187)_20
slurmstepd: error: execve(): arraybench_2187: No such file or directory
srun: error: r2i7n2: task 0: Exited with exit code 2
srun: launch/slurm: _step_signal: Terminating StepId=5691655.135

arraybench_(2187)_30
slurmstepd: error: execve(): arraybench_2187: No such file or directory
srun: error: r2i7n2: task 0: Exited with exit code 2
srun: launch/slurm: _step_signal: Terminating StepId=5691655.136

arraybench_(2187)_40
slurmstepd: error: execve(): arraybench_2187: No such file or directory
srun: error: r2i7n2: task 0: Exited with exit code 2
srun: launch/slurm: _step_signal: Terminating StepId=5691655.137

arraybench_(2187)_50
slurmstepd: error: execve(): arraybench_2187: No such file or directory
srun: error: r2i7n2: task 0: Exited with exit code 2
srun: launch/slurm: _step_signal: Terminating StepId=5691655.138

arraybench_(2187)_60
slurmstepd: error: execve(): arraybench_2187: No such file or directory
srun: error: r2i7n2: task 0: Exited with exit code 2
srun: launch/slurm: _step_signal: Terminating StepId=5691655.139

arraybench_(2187)_70
slurmstepd: error: execve(): arraybench_2187: No such file or directory
srun: error: r2i7n2: task 0: Exited with exit code 2
srun: launch/slurm: _step_signal: Terminating StepId=5691655.140

arraybench_(2187)_80
slurmstepd: error: execve(): arraybench_2187: No such file or directory
srun: error: r2i7n2: task 0: Exited with exit code 2
srun: launch/slurm: _step_signal: Terminating StepId=5691655.141

arraybench_(2187)_90
slurmstepd: error: execve(): arraybench_2187: No such file or directory
srun: error: r2i7n2: task 0: Exited with exit code 2
srun: launch/slurm: _step_signal: Terminating StepId=5691655.142

arraybench_(2187)_100
slurmstepd: error: execve(): arraybench_2187: No such file or directory
srun: error: r2i7n2: task 0: Exited with exit code 2
srun: launch/slurm: _step_signal: Terminating StepId=5691655.143

Parameters not found in the file.
arraybench_(6561)_0.001
slurmstepd: error: execve(): arraybench_6561: No such file or directory
srun: error: r2i7n2: task 0: Exited with exit code 2
srun: launch/slurm: _step_signal: Terminating StepId=5691655.144

arraybench_(6561)_0.005
slurmstepd: error: execve(): arraybench_6561: No such file or directory
srun: error: r2i7n2: task 0: Exited with exit code 2
srun: launch/slurm: _step_signal: Terminating StepId=5691655.145

arraybench_(6561)_0.01
slurmstepd: error: execve(): arraybench_6561: No such file or directory
srun: error: r2i7n2: task 0: Exited with exit code 2
srun: launch/slurm: _step_signal: Terminating StepId=5691655.146

arraybench_(6561)_0.05
slurmstepd: error: execve(): arraybench_6561: No such file or directory
srun: error: r2i7n2: task 0: Exited with exit code 2
srun: launch/slurm: _step_signal: Terminating StepId=5691655.147

arraybench_(6561)_0.1
slurmstepd: error: execve(): arraybench_6561: No such file or directory
srun: error: r2i7n2: task 0: Exited with exit code 2
srun: launch/slurm: _step_signal: Terminating StepId=5691655.148

arraybench_(6561)_0.5
slurmstepd: error: execve(): arraybench_6561: No such file or directory
srun: error: r2i7n2: task 0: Exited with exit code 2
srun: launch/slurm: _step_signal: Terminating StepId=5691655.149

arraybench_(6561)_1
slurmstepd: error: execve(): arraybench_6561: No such file or directory
srun: error: r2i7n2: task 0: Exited with exit code 2
srun: launch/slurm: _step_signal: Terminating StepId=5691655.150

arraybench_(6561)_5
slurmstepd: error: execve(): arraybench_6561: No such file or directory
srun: error: r2i7n2: task 0: Exited with exit code 2
srun: launch/slurm: _step_signal: Terminating StepId=5691655.151

arraybench_(6561)_10
slurmstepd: error: execve(): arraybench_6561: No such file or directory
srun: error: r2i7n2: task 0: Exited with exit code 2
srun: launch/slurm: _step_signal: Terminating StepId=5691655.152

arraybench_(6561)_20
slurmstepd: error: execve(): arraybench_6561: No such file or directory
srun: error: r2i7n2: task 0: Exited with exit code 2
srun: launch/slurm: _step_signal: Terminating StepId=5691655.153

arraybench_(6561)_30
slurmstepd: error: execve(): arraybench_6561: No such file or directory
srun: error: r2i7n2: task 0: Exited with exit code 2
srun: launch/slurm: _step_signal: Terminating StepId=5691655.154

arraybench_(6561)_40
slurmstepd: error: execve(): arraybench_6561: No such file or directory
srun: error: r2i7n2: task 0: Exited with exit code 2
srun: launch/slurm: _step_signal: Terminating StepId=5691655.155

arraybench_(6561)_50
slurmstepd: error: execve(): arraybench_6561: No such file or directory
srun: error: r2i7n2: task 0: Exited with exit code 2
srun: launch/slurm: _step_signal: Terminating StepId=5691655.156

arraybench_(6561)_60
slurmstepd: error: execve(): arraybench_6561: No such file or directory
srun: error: r2i7n2: task 0: Exited with exit code 2
srun: launch/slurm: _step_signal: Terminating StepId=5691655.157

arraybench_(6561)_70
slurmstepd: error: execve(): arraybench_6561: No such file or directory
srun: error: r2i7n2: task 0: Exited with exit code 2
srun: launch/slurm: _step_signal: Terminating StepId=5691655.158

arraybench_(6561)_80
slurmstepd: error: execve(): arraybench_6561: No such file or directory
srun: error: r2i7n2: task 0: Exited with exit code 2
srun: launch/slurm: _step_signal: Terminating StepId=5691655.159

arraybench_(6561)_90
slurmstepd: error: execve(): arraybench_6561: No such file or directory
srun: error: r2i7n2: task 0: Exited with exit code 2
srun: launch/slurm: _step_signal: Terminating StepId=5691655.160

arraybench_(6561)_100
slurmstepd: error: execve(): arraybench_6561: No such file or directory
srun: error: r2i7n2: task 0: Exited with exit code 2
srun: launch/slurm: _step_signal: Terminating StepId=5691655.161

Parameters not found in the file.
