CSV file 'dataset.csv' already exists.
(27)_20
srun: error: nid200003: task 0: Exited with exit code 1
srun: launch/slurm: _step_signal: Terminating StepId=7678685.0

(27)_20
srun: error: nid200003: task 0: Exited with exit code 1
srun: launch/slurm: _step_signal: Terminating StepId=7678685.1

(27)_20
srun: error: nid200003: task 0: Exited with exit code 1
srun: launch/slurm: _step_signal: Terminating StepId=7678685.2

(27)_20
srun: error: nid200003: task 0: Exited with exit code 1
srun: launch/slurm: _step_signal: Terminating StepId=7678685.3

(27)_20
srun: error: nid200003: task 0: Exited with exit code 1
srun: launch/slurm: _step_signal: Terminating StepId=7678685.4

(27)_20
srun: error: nid200003: task 0: Exited with exit code 1
srun: launch/slurm: _step_signal: Terminating StepId=7678685.5

(27)_20
srun: error: nid200003: task 0: Exited with exit code 1
srun: launch/slurm: _step_signal: Terminating StepId=7678685.6

(27)_20
srun: error: nid200003: task 0: Exited with exit code 1
srun: launch/slurm: _step_signal: Terminating StepId=7678685.7

(27)_20
srun: error: nid200003: task 0: Exited with exit code 1
srun: launch/slurm: _step_signal: Terminating StepId=7678685.8

(27)_20
srun: error: nid200003: task 0: Exited with exit code 1
srun: launch/slurm: _step_signal: Terminating StepId=7678685.9

(27)_20
srun: error: nid200003: task 0: Exited with exit code 1
srun: launch/slurm: _step_signal: Terminating StepId=7678685.10

(27)_20
srun: error: nid200003: task 0: Exited with exit code 1
srun: launch/slurm: _step_signal: Terminating StepId=7678685.11

(27)_20
srun: error: nid200003: task 0: Exited with exit code 1
srun: launch/slurm: _step_signal: Terminating StepId=7678685.12

(27)_20
srun: error: nid200003: task 0: Exited with exit code 1
srun: launch/slurm: _step_signal: Terminating StepId=7678685.13

(27)_20
srun: error: nid200003: task 0: Exited with exit code 1
srun: launch/slurm: _step_signal: Terminating StepId=7678685.14

(27)_20
srun: error: nid200003: task 0: Exited with exit code 1
srun: launch/slurm: _step_signal: Terminating StepId=7678685.15

(27)_20
srun: error: nid200003: task 0: Exited with exit code 1
srun: launch/slurm: _step_signal: Terminating StepId=7678685.16

(27)_20
srun: error: nid200003: task 0: Exited with exit code 1
srun: launch/slurm: _step_signal: Terminating StepId=7678685.17

(27)_20
srun: error: nid200003: task 0: Exited with exit code 1
srun: launch/slurm: _step_signal: Terminating StepId=7678685.18

(27)_20
srun: error: nid200003: task 0: Exited with exit code 1
srun: launch/slurm: _step_signal: Terminating StepId=7678685.19

/mnt/lustre/a2fs-work1/work/d35/d35/weiyu24/Microbenchmarking-of-Accelerators-Offloading/openmpbench_C_v40/visualise2.py:19: SyntaxWarning: "is" with a literal. Did you mean "=="?
  if switch is 0:
Parameters not found in the file.
(27)_20
srun: error: nid200003: task 0: Exited with exit code 1
srun: launch/slurm: _step_signal: Terminating StepId=7678685.20

(27)_20
srun: error: nid200003: task 0: Exited with exit code 1
srun: launch/slurm: _step_signal: Terminating StepId=7678685.21

(27)_20
srun: error: nid200003: task 0: Exited with exit code 1
srun: launch/slurm: _step_signal: Terminating StepId=7678685.22

(27)_20
srun: error: nid200003: task 0: Exited with exit code 1
srun: launch/slurm: _step_signal: Terminating StepId=7678685.23

(27)_20
srun: error: nid200003: task 0: Exited with exit code 1
srun: launch/slurm: _step_signal: Terminating StepId=7678685.24

(27)_20
srun: error: nid200003: task 0: Exited with exit code 1
srun: launch/slurm: _step_signal: Terminating StepId=7678685.25

(27)_20
srun: error: nid200003: task 0: Exited with exit code 1
srun: launch/slurm: _step_signal: Terminating StepId=7678685.26

(27)_20
srun: error: nid200003: task 0: Exited with exit code 1
srun: launch/slurm: _step_signal: Terminating StepId=7678685.27

(27)_20
srun: error: nid200003: task 0: Exited with exit code 1
srun: launch/slurm: _step_signal: Terminating StepId=7678685.28

(27)_20
srun: error: nid200003: task 0: Exited with exit code 1
srun: launch/slurm: _step_signal: Terminating StepId=7678685.29

(27)_20
srun: error: nid200003: task 0: Exited with exit code 1
srun: launch/slurm: _step_signal: Terminating StepId=7678685.30

(27)_20
srun: error: nid200003: task 0: Exited with exit code 1
srun: launch/slurm: _step_signal: Terminating StepId=7678685.31

(27)_20
srun: error: nid200003: task 0: Exited with exit code 1
srun: launch/slurm: _step_signal: Terminating StepId=7678685.32

(27)_20
srun: error: nid200003: task 0: Exited with exit code 1
srun: launch/slurm: _step_signal: Terminating StepId=7678685.33

(27)_20
srun: error: nid200003: task 0: Exited with exit code 1
srun: launch/slurm: _step_signal: Terminating StepId=7678685.34

(27)_20
srun: error: nid200003: task 0: Exited with exit code 1
srun: launch/slurm: _step_signal: Terminating StepId=7678685.35

(27)_20
srun: error: nid200003: task 0: Exited with exit code 1
srun: launch/slurm: _step_signal: Terminating StepId=7678685.36

(27)_20
srun: error: nid200003: task 0: Exited with exit code 1
srun: launch/slurm: _step_signal: Terminating StepId=7678685.37

(27)_20
srun: error: nid200003: task 0: Exited with exit code 1
srun: launch/slurm: _step_signal: Terminating StepId=7678685.38

(27)_20
srun: error: nid200003: task 0: Exited with exit code 1
srun: launch/slurm: _step_signal: Terminating StepId=7678685.39

/mnt/lustre/a2fs-work1/work/d35/d35/weiyu24/Microbenchmarking-of-Accelerators-Offloading/openmpbench_C_v40/visualise2.py:19: SyntaxWarning: "is" with a literal. Did you mean "=="?
  if switch is 0:
Parameters not found in the file.
(27)_20
srun: error: nid200003: task 0: Exited with exit code 1
srun: launch/slurm: _step_signal: Terminating StepId=7678685.40

(27)_20
srun: error: nid200003: task 0: Exited with exit code 1
srun: launch/slurm: _step_signal: Terminating StepId=7678685.41

(27)_20
srun: error: nid200003: task 0: Exited with exit code 1
srun: launch/slurm: _step_signal: Terminating StepId=7678685.42

(27)_20
srun: error: nid200003: task 0: Exited with exit code 1
srun: launch/slurm: _step_signal: Terminating StepId=7678685.43

(27)_20
srun: error: nid200003: task 0: Exited with exit code 1
srun: launch/slurm: _step_signal: Terminating StepId=7678685.44

(27)_20
srun: error: nid200003: task 0: Exited with exit code 1
srun: launch/slurm: _step_signal: Terminating StepId=7678685.45

(27)_20
srun: error: nid200003: task 0: Exited with exit code 1
srun: launch/slurm: _step_signal: Terminating StepId=7678685.46

(27)_20
srun: error: nid200003: task 0: Exited with exit code 1
srun: launch/slurm: _step_signal: Terminating StepId=7678685.47

(27)_20
srun: error: nid200003: task 0: Exited with exit code 1
srun: launch/slurm: _step_signal: Terminating StepId=7678685.48

(27)_20
srun: error: nid200003: task 0: Exited with exit code 1
srun: launch/slurm: _step_signal: Terminating StepId=7678685.49

(27)_20
srun: error: nid200003: task 0: Exited with exit code 1
srun: launch/slurm: _step_signal: Terminating StepId=7678685.50

(27)_20
srun: error: nid200003: task 0: Exited with exit code 1
srun: launch/slurm: _step_signal: Terminating StepId=7678685.51

(27)_20
srun: error: nid200003: task 0: Exited with exit code 1
srun: launch/slurm: _step_signal: Terminating StepId=7678685.52

(27)_20
srun: error: nid200003: task 0: Exited with exit code 1
srun: launch/slurm: _step_signal: Terminating StepId=7678685.53

(27)_20
srun: error: nid200003: task 0: Exited with exit code 1
srun: launch/slurm: _step_signal: Terminating StepId=7678685.54

(27)_20
srun: error: nid200003: task 0: Exited with exit code 1
srun: launch/slurm: _step_signal: Terminating StepId=7678685.55

(27)_20
srun: error: nid200003: task 0: Exited with exit code 1
srun: launch/slurm: _step_signal: Terminating StepId=7678685.56

(27)_20
srun: error: nid200003: task 0: Exited with exit code 1
srun: launch/slurm: _step_signal: Terminating StepId=7678685.57

(27)_20
srun: error: nid200003: task 0: Exited with exit code 1
srun: launch/slurm: _step_signal: Terminating StepId=7678685.58

(27)_20
srun: error: nid200003: task 0: Exited with exit code 1
srun: launch/slurm: _step_signal: Terminating StepId=7678685.59

/mnt/lustre/a2fs-work1/work/d35/d35/weiyu24/Microbenchmarking-of-Accelerators-Offloading/openmpbench_C_v40/visualise2.py:19: SyntaxWarning: "is" with a literal. Did you mean "=="?
  if switch is 0:
Parameters not found in the file.
(27)_20
srun: error: nid200003: task 0: Exited with exit code 1
srun: launch/slurm: _step_signal: Terminating StepId=7678685.60

(27)_20
srun: error: nid200003: task 0: Exited with exit code 1
srun: launch/slurm: _step_signal: Terminating StepId=7678685.61

(27)_20
srun: error: nid200003: task 0: Exited with exit code 1
srun: launch/slurm: _step_signal: Terminating StepId=7678685.62

(27)_20
srun: error: nid200003: task 0: Exited with exit code 1
srun: launch/slurm: _step_signal: Terminating StepId=7678685.63

(27)_20
srun: error: nid200003: task 0: Exited with exit code 1
srun: launch/slurm: _step_signal: Terminating StepId=7678685.64

(27)_20
srun: error: nid200003: task 0: Exited with exit code 1
srun: launch/slurm: _step_signal: Terminating StepId=7678685.65

(27)_20
srun: error: nid200003: task 0: Exited with exit code 1
srun: launch/slurm: _step_signal: Terminating StepId=7678685.66

(27)_20
srun: error: nid200003: task 0: Exited with exit code 1
srun: launch/slurm: _step_signal: Terminating StepId=7678685.67

(27)_20
srun: error: nid200003: task 0: Exited with exit code 1
srun: launch/slurm: _step_signal: Terminating StepId=7678685.68

(27)_20
srun: error: nid200003: task 0: Exited with exit code 1
srun: launch/slurm: _step_signal: Terminating StepId=7678685.69

(27)_20
srun: error: nid200003: task 0: Exited with exit code 1
srun: launch/slurm: _step_signal: Terminating StepId=7678685.70

(27)_20
srun: error: nid200003: task 0: Exited with exit code 1
srun: launch/slurm: _step_signal: Terminating StepId=7678685.71

(27)_20
srun: error: nid200003: task 0: Exited with exit code 1
srun: launch/slurm: _step_signal: Terminating StepId=7678685.72

(27)_20
srun: error: nid200003: task 0: Exited with exit code 1
srun: launch/slurm: _step_signal: Terminating StepId=7678685.73

(27)_20
srun: error: nid200003: task 0: Exited with exit code 1
srun: launch/slurm: _step_signal: Terminating StepId=7678685.74

(27)_20
srun: error: nid200003: task 0: Exited with exit code 1
srun: launch/slurm: _step_signal: Terminating StepId=7678685.75

(27)_20
srun: error: nid200003: task 0: Exited with exit code 1
srun: launch/slurm: _step_signal: Terminating StepId=7678685.76

(27)_20
srun: error: nid200003: task 0: Exited with exit code 1
srun: launch/slurm: _step_signal: Terminating StepId=7678685.77

(27)_20
srun: error: nid200003: task 0: Exited with exit code 1
srun: launch/slurm: _step_signal: Terminating StepId=7678685.78

(27)_20
srun: error: nid200003: task 0: Exited with exit code 1
srun: launch/slurm: _step_signal: Terminating StepId=7678685.79

/mnt/lustre/a2fs-work1/work/d35/d35/weiyu24/Microbenchmarking-of-Accelerators-Offloading/openmpbench_C_v40/visualise2.py:19: SyntaxWarning: "is" with a literal. Did you mean "=="?
  if switch is 0:
Parameters not found in the file.
(27)_20
srun: error: nid200003: task 0: Exited with exit code 1
srun: launch/slurm: _step_signal: Terminating StepId=7678685.80

(27)_20
srun: error: nid200003: task 0: Exited with exit code 1
srun: launch/slurm: _step_signal: Terminating StepId=7678685.81

(27)_20
srun: error: nid200003: task 0: Exited with exit code 1
srun: launch/slurm: _step_signal: Terminating StepId=7678685.82

(27)_20
srun: error: nid200003: task 0: Exited with exit code 1
srun: launch/slurm: _step_signal: Terminating StepId=7678685.83

(27)_20
srun: error: nid200003: task 0: Exited with exit code 1
srun: launch/slurm: _step_signal: Terminating StepId=7678685.84

(27)_20
srun: error: nid200003: task 0: Exited with exit code 1
srun: launch/slurm: _step_signal: Terminating StepId=7678685.85

(27)_20
srun: error: nid200003: task 0: Exited with exit code 1
srun: launch/slurm: _step_signal: Terminating StepId=7678685.86

(27)_20
srun: error: nid200003: task 0: Exited with exit code 1
srun: launch/slurm: _step_signal: Terminating StepId=7678685.87

(27)_20
srun: error: nid200003: task 0: Exited with exit code 1
srun: launch/slurm: _step_signal: Terminating StepId=7678685.88

(27)_20
srun: error: nid200003: task 0: Exited with exit code 1
srun: launch/slurm: _step_signal: Terminating StepId=7678685.89

(27)_20
srun: error: nid200003: task 0: Exited with exit code 1
srun: launch/slurm: _step_signal: Terminating StepId=7678685.90

(27)_20
srun: error: nid200003: task 0: Exited with exit code 1
srun: launch/slurm: _step_signal: Terminating StepId=7678685.91

(27)_20
srun: error: nid200003: task 0: Exited with exit code 1
srun: launch/slurm: _step_signal: Terminating StepId=7678685.92

(27)_20
srun: error: nid200003: task 0: Exited with exit code 1
srun: launch/slurm: _step_signal: Terminating StepId=7678685.93

(27)_20
srun: error: nid200003: task 0: Exited with exit code 1
srun: launch/slurm: _step_signal: Terminating StepId=7678685.94

(27)_20
srun: error: nid200003: task 0: Exited with exit code 1
srun: launch/slurm: _step_signal: Terminating StepId=7678685.95

(27)_20
srun: error: nid200003: task 0: Exited with exit code 1
srun: launch/slurm: _step_signal: Terminating StepId=7678685.96

(27)_20
srun: error: nid200003: task 0: Exited with exit code 1
srun: launch/slurm: _step_signal: Terminating StepId=7678685.97

(27)_20
srun: error: nid200003: task 0: Exited with exit code 1
srun: launch/slurm: _step_signal: Terminating StepId=7678685.98

(27)_20
srun: error: nid200003: task 0: Exited with exit code 1
srun: launch/slurm: _step_signal: Terminating StepId=7678685.99

/mnt/lustre/a2fs-work1/work/d35/d35/weiyu24/Microbenchmarking-of-Accelerators-Offloading/openmpbench_C_v40/visualise2.py:19: SyntaxWarning: "is" with a literal. Did you mean "=="?
  if switch is 0:
Parameters not found in the file.
*
Traceback (most recent call last):
  File "/mnt/lustre/a2fs-work1/work/d35/d35/weiyu24/Microbenchmarking-of-Accelerators-Offloading/openmpbench_C_v40/Analysis/analysis.py", line 137, in <module>
    main()
  File "/mnt/lustre/a2fs-work1/work/d35/d35/weiyu24/Microbenchmarking-of-Accelerators-Offloading/openmpbench_C_v40/Analysis/analysis.py", line 126, in main
    with open(args.data_filename, 'r') as file:
FileNotFoundError: [Errno 2] No such file or directory: 'Analysis/archer2/7678685/data_*.txt'
