Using compiler: gcc (SUSE Linux) 7.5.0
Copyright (C) 2017 Free Software Foundation, Inc.
This is free software; see the source for copying conditions.  There is NO
warranty; not even for MERCHANTABILITY or FITNESS FOR A PARTICULAR PURPOSE.
CC: 
CXX: 
CSV file 'dataset.csv' already exists.
(27)_20
srun: error: nid200001: task 0: Exited with exit code 1
srun: launch/slurm: _step_signal: Terminating StepId=7680573.0

(27)_20
srun: error: nid200001: task 0: Exited with exit code 1
srun: launch/slurm: _step_signal: Terminating StepId=7680573.1

(27)_20
srun: error: nid200001: task 0: Exited with exit code 1
srun: launch/slurm: _step_signal: Terminating StepId=7680573.2

(27)_20
srun: error: nid200001: task 0: Exited with exit code 1
srun: launch/slurm: _step_signal: Terminating StepId=7680573.3

(27)_20
srun: error: nid200001: task 0: Exited with exit code 1
srun: launch/slurm: _step_signal: Terminating StepId=7680573.4

(27)_20
srun: error: nid200001: task 0: Exited with exit code 1
srun: launch/slurm: _step_signal: Terminating StepId=7680573.5

(27)_20
srun: Job 7680573 step creation temporarily disabled, retrying (Requested nodes are busy)
srun: Step created for job 7680573
srun: error: nid200001: task 0: Exited with exit code 1
srun: launch/slurm: _step_signal: Terminating StepId=7680573.6

(27)_20
srun: error: nid200001: task 0: Exited with exit code 1
srun: launch/slurm: _step_signal: Terminating StepId=7680573.7

(27)_20
srun: error: nid200001: task 0: Exited with exit code 1
srun: launch/slurm: _step_signal: Terminating StepId=7680573.8

(27)_20
srun: error: nid200001: task 0: Exited with exit code 1
srun: launch/slurm: _step_signal: Terminating StepId=7680573.9

(27)_20
srun: error: nid200001: task 0: Exited with exit code 1
srun: launch/slurm: _step_signal: Terminating StepId=7680573.10

(27)_20
srun: error: nid200001: task 0: Exited with exit code 1
srun: launch/slurm: _step_signal: Terminating StepId=7680573.11

(27)_20
srun: error: nid200001: task 0: Exited with exit code 1
srun: launch/slurm: _step_signal: Terminating StepId=7680573.12

(27)_20
srun: error: nid200001: task 0: Exited with exit code 1
srun: launch/slurm: _step_signal: Terminating StepId=7680573.13

(27)_20
srun: error: nid200001: task 0: Exited with exit code 1
srun: launch/slurm: _step_signal: Terminating StepId=7680573.14

(27)_20
srun: error: nid200001: task 0: Exited with exit code 1
srun: launch/slurm: _step_signal: Terminating StepId=7680573.15

(27)_20
srun: error: nid200001: task 0: Exited with exit code 1
srun: launch/slurm: _step_signal: Terminating StepId=7680573.16

(27)_20
srun: error: nid200001: task 0: Exited with exit code 1
srun: launch/slurm: _step_signal: Terminating StepId=7680573.17

(27)_20
srun: error: nid200001: task 0: Exited with exit code 1
srun: launch/slurm: _step_signal: Terminating StepId=7680573.18

(27)_20
srun: error: nid200001: task 0: Exited with exit code 1
srun: launch/slurm: _step_signal: Terminating StepId=7680573.19

/mnt/lustre/a2fs-work1/work/d35/d35/weiyu24/Microbenchmarking-of-Accelerators-Offloading/openmpbench_C_v40/visualise2.py:19: SyntaxWarning: "is" with a literal. Did you mean "=="?
  if switch is 0:
Parameters not found in the file.
(27)_20
srun: error: nid200001: task 0: Exited with exit code 1
srun: launch/slurm: _step_signal: Terminating StepId=7680573.20

(27)_20
srun: error: nid200001: task 0: Exited with exit code 1
srun: launch/slurm: _step_signal: Terminating StepId=7680573.21

(27)_20
srun: error: nid200001: task 0: Exited with exit code 1
srun: launch/slurm: _step_signal: Terminating StepId=7680573.22

(27)_20
srun: error: nid200001: task 0: Exited with exit code 1
srun: launch/slurm: _step_signal: Terminating StepId=7680573.23

(27)_20
srun: error: nid200001: task 0: Exited with exit code 1
srun: launch/slurm: _step_signal: Terminating StepId=7680573.24

(27)_20
srun: error: nid200001: task 0: Exited with exit code 1
srun: launch/slurm: _step_signal: Terminating StepId=7680573.25

(27)_20
srun: error: nid200001: task 0: Exited with exit code 1
srun: launch/slurm: _step_signal: Terminating StepId=7680573.26

(27)_20
srun: error: nid200001: task 0: Exited with exit code 1
srun: launch/slurm: _step_signal: Terminating StepId=7680573.27

(27)_20
srun: error: nid200001: task 0: Exited with exit code 1
srun: launch/slurm: _step_signal: Terminating StepId=7680573.28

(27)_20
srun: error: nid200001: task 0: Exited with exit code 1
srun: launch/slurm: _step_signal: Terminating StepId=7680573.29

(27)_20
srun: error: nid200001: task 0: Exited with exit code 1
srun: launch/slurm: _step_signal: Terminating StepId=7680573.30

(27)_20
srun: error: nid200001: task 0: Exited with exit code 1
srun: launch/slurm: _step_signal: Terminating StepId=7680573.31

(27)_20
srun: error: nid200001: task 0: Exited with exit code 1
srun: launch/slurm: _step_signal: Terminating StepId=7680573.32

(27)_20
srun: error: nid200001: task 0: Exited with exit code 1
srun: launch/slurm: _step_signal: Terminating StepId=7680573.33

(27)_20
srun: error: nid200001: task 0: Exited with exit code 1
srun: launch/slurm: _step_signal: Terminating StepId=7680573.34

(27)_20
srun: error: nid200001: task 0: Exited with exit code 1
srun: launch/slurm: _step_signal: Terminating StepId=7680573.35

(27)_20
srun: error: nid200001: task 0: Exited with exit code 1
srun: launch/slurm: _step_signal: Terminating StepId=7680573.36

(27)_20
srun: error: nid200001: task 0: Exited with exit code 1
srun: launch/slurm: _step_signal: Terminating StepId=7680573.37

(27)_20
srun: error: nid200001: task 0: Exited with exit code 1
srun: launch/slurm: _step_signal: Terminating StepId=7680573.38

(27)_20
srun: error: nid200001: task 0: Exited with exit code 1
srun: launch/slurm: _step_signal: Terminating StepId=7680573.39

/mnt/lustre/a2fs-work1/work/d35/d35/weiyu24/Microbenchmarking-of-Accelerators-Offloading/openmpbench_C_v40/visualise2.py:19: SyntaxWarning: "is" with a literal. Did you mean "=="?
  if switch is 0:
Parameters not found in the file.
(27)_20
srun: error: nid200001: task 0: Exited with exit code 1
srun: launch/slurm: _step_signal: Terminating StepId=7680573.40

(27)_20
srun: error: nid200001: task 0: Exited with exit code 1
srun: launch/slurm: _step_signal: Terminating StepId=7680573.41

(27)_20
srun: error: nid200001: task 0: Exited with exit code 1
srun: launch/slurm: _step_signal: Terminating StepId=7680573.42

(27)_20
srun: error: nid200001: task 0: Exited with exit code 1
srun: launch/slurm: _step_signal: Terminating StepId=7680573.43

(27)_20
srun: error: nid200001: task 0: Exited with exit code 1
srun: launch/slurm: _step_signal: Terminating StepId=7680573.44

(27)_20
srun: error: nid200001: task 0: Exited with exit code 1
srun: launch/slurm: _step_signal: Terminating StepId=7680573.45

(27)_20
srun: error: nid200001: task 0: Exited with exit code 1
srun: launch/slurm: _step_signal: Terminating StepId=7680573.46

(27)_20
srun: error: nid200001: task 0: Exited with exit code 1
srun: launch/slurm: _step_signal: Terminating StepId=7680573.47

(27)_20
srun: error: nid200001: task 0: Exited with exit code 1
srun: launch/slurm: _step_signal: Terminating StepId=7680573.48

(27)_20
srun: error: nid200001: task 0: Exited with exit code 1
srun: launch/slurm: _step_signal: Terminating StepId=7680573.49

(27)_20
srun: error: nid200001: task 0: Exited with exit code 1
srun: launch/slurm: _step_signal: Terminating StepId=7680573.50

(27)_20
srun: error: nid200001: task 0: Exited with exit code 1
srun: launch/slurm: _step_signal: Terminating StepId=7680573.51

(27)_20
srun: error: nid200001: task 0: Exited with exit code 1
srun: launch/slurm: _step_signal: Terminating StepId=7680573.52

(27)_20
srun: error: nid200001: task 0: Exited with exit code 1
srun: launch/slurm: _step_signal: Terminating StepId=7680573.53

(27)_20
srun: error: nid200001: task 0: Exited with exit code 1
srun: launch/slurm: _step_signal: Terminating StepId=7680573.54

(27)_20
srun: error: nid200001: task 0: Exited with exit code 1
srun: launch/slurm: _step_signal: Terminating StepId=7680573.55

(27)_20
srun: error: nid200001: task 0: Exited with exit code 1
srun: launch/slurm: _step_signal: Terminating StepId=7680573.56

(27)_20
srun: error: nid200001: task 0: Exited with exit code 1
srun: launch/slurm: _step_signal: Terminating StepId=7680573.57

(27)_20
srun: error: nid200001: task 0: Exited with exit code 1
srun: launch/slurm: _step_signal: Terminating StepId=7680573.58

(27)_20
srun: error: nid200001: task 0: Exited with exit code 1
srun: launch/slurm: _step_signal: Terminating StepId=7680573.59

/mnt/lustre/a2fs-work1/work/d35/d35/weiyu24/Microbenchmarking-of-Accelerators-Offloading/openmpbench_C_v40/visualise2.py:19: SyntaxWarning: "is" with a literal. Did you mean "=="?
  if switch is 0:
Parameters not found in the file.
(27)_20
srun: error: nid200001: task 0: Exited with exit code 1
srun: launch/slurm: _step_signal: Terminating StepId=7680573.60

(27)_20
srun: error: nid200001: task 0: Exited with exit code 1
srun: launch/slurm: _step_signal: Terminating StepId=7680573.61

(27)_20
srun: error: nid200001: task 0: Exited with exit code 1
srun: launch/slurm: _step_signal: Terminating StepId=7680573.62

(27)_20
srun: error: nid200001: task 0: Exited with exit code 1
srun: launch/slurm: _step_signal: Terminating StepId=7680573.63

(27)_20
srun: error: nid200001: task 0: Exited with exit code 1
srun: launch/slurm: _step_signal: Terminating StepId=7680573.64

(27)_20
srun: error: nid200001: task 0: Exited with exit code 1
srun: launch/slurm: _step_signal: Terminating StepId=7680573.65

(27)_20
srun: error: nid200001: task 0: Exited with exit code 1
srun: launch/slurm: _step_signal: Terminating StepId=7680573.66

(27)_20
srun: error: nid200001: task 0: Exited with exit code 1
srun: launch/slurm: _step_signal: Terminating StepId=7680573.67

(27)_20
srun: error: nid200001: task 0: Exited with exit code 1
srun: launch/slurm: _step_signal: Terminating StepId=7680573.68

(27)_20
srun: error: nid200001: task 0: Exited with exit code 1
srun: launch/slurm: _step_signal: Terminating StepId=7680573.69

(27)_20
srun: error: nid200001: task 0: Exited with exit code 1
srun: launch/slurm: _step_signal: Terminating StepId=7680573.70

(27)_20
srun: error: nid200001: task 0: Exited with exit code 1
srun: launch/slurm: _step_signal: Terminating StepId=7680573.71

(27)_20
srun: error: nid200001: task 0: Exited with exit code 1
srun: launch/slurm: _step_signal: Terminating StepId=7680573.72

(27)_20
srun: error: nid200001: task 0: Exited with exit code 1
srun: launch/slurm: _step_signal: Terminating StepId=7680573.73

(27)_20
srun: error: nid200001: task 0: Exited with exit code 1
srun: launch/slurm: _step_signal: Terminating StepId=7680573.74

(27)_20
srun: error: nid200001: task 0: Exited with exit code 1
srun: launch/slurm: _step_signal: Terminating StepId=7680573.75

(27)_20
srun: error: nid200001: task 0: Exited with exit code 1
srun: launch/slurm: _step_signal: Terminating StepId=7680573.76

(27)_20
srun: error: nid200001: task 0: Exited with exit code 1
srun: launch/slurm: _step_signal: Terminating StepId=7680573.77

(27)_20
srun: error: nid200001: task 0: Exited with exit code 1
srun: launch/slurm: _step_signal: Terminating StepId=7680573.78

(27)_20
srun: error: nid200001: task 0: Exited with exit code 1
srun: launch/slurm: _step_signal: Terminating StepId=7680573.79

/mnt/lustre/a2fs-work1/work/d35/d35/weiyu24/Microbenchmarking-of-Accelerators-Offloading/openmpbench_C_v40/visualise2.py:19: SyntaxWarning: "is" with a literal. Did you mean "=="?
  if switch is 0:
Parameters not found in the file.
(27)_20
srun: error: nid200001: task 0: Exited with exit code 1
srun: launch/slurm: _step_signal: Terminating StepId=7680573.80

(27)_20
srun: error: nid200001: task 0: Exited with exit code 1
srun: launch/slurm: _step_signal: Terminating StepId=7680573.81

(27)_20
srun: error: nid200001: task 0: Exited with exit code 1
srun: launch/slurm: _step_signal: Terminating StepId=7680573.82

(27)_20
srun: error: nid200001: task 0: Exited with exit code 1
srun: launch/slurm: _step_signal: Terminating StepId=7680573.83

(27)_20
srun: error: nid200001: task 0: Exited with exit code 1
srun: launch/slurm: _step_signal: Terminating StepId=7680573.84

(27)_20
srun: error: nid200001: task 0: Exited with exit code 1
srun: launch/slurm: _step_signal: Terminating StepId=7680573.85

(27)_20
srun: error: nid200001: task 0: Exited with exit code 1
srun: launch/slurm: _step_signal: Terminating StepId=7680573.86

(27)_20
srun: error: nid200001: task 0: Exited with exit code 1
srun: launch/slurm: _step_signal: Terminating StepId=7680573.87

(27)_20
srun: error: nid200001: task 0: Exited with exit code 1
srun: launch/slurm: _step_signal: Terminating StepId=7680573.88

(27)_20
srun: error: nid200001: task 0: Exited with exit code 1
srun: launch/slurm: _step_signal: Terminating StepId=7680573.89

(27)_20
srun: error: nid200001: task 0: Exited with exit code 1
srun: launch/slurm: _step_signal: Terminating StepId=7680573.90

(27)_20
srun: error: nid200001: task 0: Exited with exit code 1
srun: launch/slurm: _step_signal: Terminating StepId=7680573.91

(27)_20
srun: error: nid200001: task 0: Exited with exit code 1
srun: launch/slurm: _step_signal: Terminating StepId=7680573.92

(27)_20
srun: error: nid200001: task 0: Exited with exit code 1
srun: launch/slurm: _step_signal: Terminating StepId=7680573.93

(27)_20
srun: error: nid200001: task 0: Exited with exit code 1
srun: launch/slurm: _step_signal: Terminating StepId=7680573.94

(27)_20
srun: error: nid200001: task 0: Exited with exit code 1
srun: launch/slurm: _step_signal: Terminating StepId=7680573.95

(27)_20
srun: error: nid200001: task 0: Exited with exit code 1
srun: launch/slurm: _step_signal: Terminating StepId=7680573.96

(27)_20
srun: error: nid200001: task 0: Exited with exit code 1
srun: launch/slurm: _step_signal: Terminating StepId=7680573.97

(27)_20
srun: error: nid200001: task 0: Exited with exit code 1
srun: launch/slurm: _step_signal: Terminating StepId=7680573.98

(27)_20
srun: error: nid200001: task 0: Exited with exit code 1
srun: launch/slurm: _step_signal: Terminating StepId=7680573.99

/mnt/lustre/a2fs-work1/work/d35/d35/weiyu24/Microbenchmarking-of-Accelerators-Offloading/openmpbench_C_v40/visualise2.py:19: SyntaxWarning: "is" with a literal. Did you mean "=="?
  if switch is 0:
Parameters not found in the file.
*
Traceback (most recent call last):
  File "/mnt/lustre/a2fs-work1/work/d35/d35/weiyu24/Microbenchmarking-of-Accelerators-Offloading/openmpbench_C_v40/Analysis/analysis.py", line 137, in <module>
    main()
  File "/mnt/lustre/a2fs-work1/work/d35/d35/weiyu24/Microbenchmarking-of-Accelerators-Offloading/openmpbench_C_v40/Analysis/analysis.py", line 126, in main
    with open(args.data_filename, 'r') as file:
FileNotFoundError: [Errno 2] No such file or directory: 'Analysis/archer2/7680573/data_*.txt'
