Using compiler: gcc (SUSE Linux) 7.5.0
Copyright (C) 2017 Free Software Foundation, Inc.
This is free software; see the source for copying conditions.  There is NO
warranty; not even for MERCHANTABILITY or FITNESS FOR A PARTICULAR PURPOSE.
CC: 
CXX: 
CSV file 'dataset.csv' already exists.
(27)_20

(27)_20

(27)_20

(27)_20

(27)_20

(27)_20

(27)_20

(27)_20

(27)_20

(27)_20

(27)_20

(27)_20

(27)_20

(27)_20

(27)_20

(27)_20

(27)_20

(27)_20

(27)_20

(27)_20

(27)_20

(27)_20

(27)_20

(27)_20

(27)_20

(27)_20

(27)_20

(27)_20

(27)_20

(27)_20
srun: Job 7680949 step creation temporarily disabled, retrying (Requested nodes are busy)
srun: Step created for job 7680949

(27)_20

(27)_20

(27)_20

(27)_20

(27)_20

(27)_20

(27)_20

(27)_20

(27)_20

(27)_20

(27)_20

(27)_20

(27)_20

(27)_20

(27)_20

(27)_20

(27)_20

(27)_20

(27)_20

(27)_20

(27)_20

(27)_20

(27)_20

(27)_20

(27)_20

(27)_20

(27)_20

(27)_20

(27)_20

(27)_20

(27)_20

(27)_20

(27)_20

(27)_20

(27)_20

(27)_20

(27)_20

(27)_20

(27)_20

(27)_20

(27)_20

(27)_20

(27)_20

(27)_20

(27)_20

(27)_20

(27)_20

(27)_20

(27)_20

(27)_20

(27)_20

(27)_20

(27)_20

(27)_20

(27)_20
srun: Job 7680949 step creation temporarily disabled, retrying (Requested nodes are busy)
srun: Step created for job 7680949

(27)_20

(27)_20

(27)_20

(27)_20

(27)_20

(27)_20

(27)_20

(27)_20

(27)_20

(27)_20

(27)_20

(27)_20

(27)_20

(27)_20

(27)_20

/mnt/lustre/a2fs-work1/work/d35/d35/weiyu24/Microbenchmarking-of-Accelerators-Offloading/openmpbench_C_v40/visualise2.py:19: SyntaxWarning: "is" with a literal. Did you mean "=="?
  if switch is 0:
Plot saved to Plots/archer2/7680949/refall_cpuvalidate_27_0_performance.png
Plot saved to Plots/archer2/7680949/func1_cpuvalidate_27_0_performance.png
(27)_20

(27)_20

(27)_20

(27)_20

(27)_20

(27)_20

(27)_20

(27)_20

(27)_20

(27)_20

(27)_20

(27)_20

(27)_20

(27)_20

(27)_20

(27)_20

(27)_20

(27)_20

(27)_20

(27)_20

(27)_20

(27)_20

(27)_20

(27)_20

(27)_20

(27)_20

(27)_20

(27)_20

(27)_20

(27)_20

(27)_20

(27)_20

(27)_20

(27)_20

(27)_20

(27)_20

(27)_20

(27)_20

(27)_20

(27)_20

(27)_20

(27)_20

(27)_20

(27)_20

(27)_20

(27)_20

(27)_20

(27)_20

(27)_20

(27)_20

(27)_20

(27)_20

(27)_20

(27)_20

(27)_20

(27)_20

(27)_20

(27)_20

(27)_20

(27)_20

(27)_20

(27)_20

(27)_20

(27)_20

(27)_20

(27)_20

(27)_20

(27)_20

(27)_20

(27)_20

(27)_20

(27)_20

(27)_20

(27)_20

(27)_20

(27)_20

(27)_20

(27)_20

(27)_20

(27)_20

(27)_20

(27)_20

(27)_20

(27)_20

(27)_20

(27)_20

(27)_20

(27)_20

(27)_20

(27)_20

(27)_20

(27)_20

(27)_20

(27)_20

(27)_20

(27)_20

(27)_20

(27)_20

(27)_20

(27)_20

/mnt/lustre/a2fs-work1/work/d35/d35/weiyu24/Microbenchmarking-of-Accelerators-Offloading/openmpbench_C_v40/visualise2.py:19: SyntaxWarning: "is" with a literal. Did you mean "=="?
  if switch is 0:
Plot saved to Plots/archer2/7680949/refall_cpuvalidate_27_1_performance.png
Plot saved to Plots/archer2/7680949/func1_cpuvalidate_27_1_performance.png
(27)_20

(27)_20

(27)_20

(27)_20

(27)_20

(27)_20

(27)_20

(27)_20

(27)_20

(27)_20
srun: Job 7680949 step creation temporarily disabled, retrying (Requested nodes are busy)
srun: Step created for job 7680949

(27)_20

(27)_20

(27)_20

(27)_20

(27)_20

(27)_20

(27)_20

(27)_20

(27)_20

(27)_20

(27)_20

(27)_20

(27)_20

(27)_20

(27)_20

(27)_20

(27)_20

(27)_20

(27)_20

(27)_20

(27)_20

(27)_20

(27)_20

(27)_20

(27)_20
srun: Job 7680949 step creation temporarily disabled, retrying (Requested nodes are busy)
srun: Step created for job 7680949

(27)_20

(27)_20
srun: Job 7680949 step creation temporarily disabled, retrying (Requested nodes are busy)
srun: Step created for job 7680949

(27)_20

(27)_20

(27)_20

(27)_20

(27)_20

(27)_20

(27)_20

(27)_20

(27)_20

(27)_20

(27)_20

(27)_20

(27)_20

(27)_20

(27)_20

(27)_20

(27)_20

(27)_20

(27)_20

(27)_20

(27)_20

(27)_20

(27)_20

(27)_20

(27)_20

(27)_20

(27)_20

(27)_20

(27)_20

(27)_20

(27)_20

(27)_20

(27)_20

(27)_20

(27)_20

(27)_20
srun: Job 7680949 step creation temporarily disabled, retrying (Requested nodes are busy)
srun: Step created for job 7680949

(27)_20

(27)_20

(27)_20

(27)_20

(27)_20

(27)_20

(27)_20

(27)_20

(27)_20

(27)_20

(27)_20

(27)_20

(27)_20

(27)_20

(27)_20

(27)_20

(27)_20

(27)_20

(27)_20

(27)_20

(27)_20

(27)_20

(27)_20

(27)_20

(27)_20

(27)_20

(27)_20

/mnt/lustre/a2fs-work1/work/d35/d35/weiyu24/Microbenchmarking-of-Accelerators-Offloading/openmpbench_C_v40/visualise2.py:19: SyntaxWarning: "is" with a literal. Did you mean "=="?
  if switch is 0:
Plot saved to Plots/archer2/7680949/refall_cpuvalidate_27_2_performance.png
Plot saved to Plots/archer2/7680949/func1_cpuvalidate_27_2_performance.png
(27)_20

(27)_20

(27)_20

(27)_20

(27)_20

(27)_20

(27)_20

(27)_20

(27)_20

(27)_20

(27)_20

(27)_20

(27)_20

(27)_20

(27)_20

(27)_20

(27)_20

(27)_20

(27)_20

(27)_20

(27)_20
srun: Job 7680949 step creation temporarily disabled, retrying (Requested nodes are busy)
srun: Step created for job 7680949

(27)_20

(27)_20

(27)_20

(27)_20

(27)_20

(27)_20

(27)_20

(27)_20

(27)_20

(27)_20

(27)_20

(27)_20

(27)_20

(27)_20

(27)_20

(27)_20

(27)_20

(27)_20

(27)_20

(27)_20

(27)_20

(27)_20

(27)_20

(27)_20

(27)_20

(27)_20

(27)_20

(27)_20

(27)_20

(27)_20

(27)_20

(27)_20

(27)_20

(27)_20

(27)_20

(27)_20

(27)_20

(27)_20

(27)_20

(27)_20

(27)_20

(27)_20

(27)_20

(27)_20

(27)_20

(27)_20

(27)_20

(27)_20

(27)_20

(27)_20

(27)_20

(27)_20
srun: Job 7680949 step creation temporarily disabled, retrying (Requested nodes are busy)
srun: Step created for job 7680949

(27)_20

(27)_20

(27)_20

(27)_20

(27)_20

(27)_20

(27)_20

(27)_20

(27)_20

(27)_20

(27)_20

(27)_20

(27)_20

(27)_20

(27)_20

(27)_20

(27)_20

(27)_20

(27)_20

(27)_20

(27)_20

(27)_20

(27)_20

(27)_20

(27)_20

(27)_20

(27)_20

/mnt/lustre/a2fs-work1/work/d35/d35/weiyu24/Microbenchmarking-of-Accelerators-Offloading/openmpbench_C_v40/visualise2.py:19: SyntaxWarning: "is" with a literal. Did you mean "=="?
  if switch is 0:
Plot saved to Plots/archer2/7680949/refall_cpuvalidate_27_3_performance.png
Plot saved to Plots/archer2/7680949/func1_cpuvalidate_27_3_performance.png
(27)_20

(27)_20

(27)_20
srun: Job 7680949 step creation temporarily disabled, retrying (Requested nodes are busy)
srun: Step created for job 7680949

(27)_20

(27)_20

(27)_20

(27)_20

(27)_20

(27)_20

(27)_20

(27)_20

(27)_20

(27)_20

(27)_20

(27)_20

(27)_20

(27)_20

(27)_20

(27)_20

(27)_20

(27)_20
slurmstepd: error: execve(): cpuvalidate: No such file or directory
srun: error: nid200001: task 0: Exited with exit code 2
srun: launch/slurm: _step_signal: Terminating StepId=7680949.420

(27)_20
srun: error: nid200001: task 0: Exited with exit code 2
srun: launch/slurm: _step_signal: Terminating StepId=7680949.421
slurmstepd: error: execve(): cpuvalidate: No such file or directory

(27)_20
srun: error: nid200001: task 0: Exited with exit code 2
srun: launch/slurm: _step_signal: Terminating StepId=7680949.422
slurmstepd: error: execve(): cpuvalidate: No such file or directory

(27)_20
srun: error: nid200001: task 0: Exited with exit code 2
srun: launch/slurm: _step_signal: Terminating StepId=7680949.423
slurmstepd: error: execve(): cpuvalidate: No such file or directory

(27)_20
srun: error: nid200001: task 0: Exited with exit code 2
srun: launch/slurm: _step_signal: Terminating StepId=7680949.424
slurmstepd: error: execve(): cpuvalidate: No such file or directory

(27)_20
srun: error: nid200001: task 0: Exited with exit code 2
srun: launch/slurm: _step_signal: Terminating StepId=7680949.425
slurmstepd: error: execve(): cpuvalidate: No such file or directory

(27)_20
slurmstepd: error: execve(): cpuvalidate: No such file or directory
srun: error: nid200001: task 0: Exited with exit code 2
srun: launch/slurm: _step_signal: Terminating StepId=7680949.426

(27)_20
slurmstepd: error: execve(): cpuvalidate: No such file or directory
srun: error: nid200001: task 0: Exited with exit code 2
srun: launch/slurm: _step_signal: Terminating StepId=7680949.427

(27)_20
slurmstepd: error: execve(): cpuvalidate: No such file or directory
srun: error: nid200001: task 0: Exited with exit code 2
srun: launch/slurm: _step_signal: Terminating StepId=7680949.428

(27)_20
slurmstepd: error: execve(): cpuvalidate: No such file or directory
srun: error: nid200001: task 0: Exited with exit code 2
srun: launch/slurm: _step_signal: Terminating StepId=7680949.429

(27)_20
srun: error: nid200001: task 0: Exited with exit code 2
srun: launch/slurm: _step_signal: Terminating StepId=7680949.430
slurmstepd: error: execve(): cpuvalidate: No such file or directory

(27)_20
srun: error: nid200001: task 0: Exited with exit code 2
srun: launch/slurm: _step_signal: Terminating StepId=7680949.431
slurmstepd: error: execve(): cpuvalidate: No such file or directory

(27)_20
srun: error: nid200001: task 0: Exited with exit code 2
srun: launch/slurm: _step_signal: Terminating StepId=7680949.432
slurmstepd: error: execve(): cpuvalidate: No such file or directory

(27)_20
srun: error: nid200001: task 0: Exited with exit code 2
srun: launch/slurm: _step_signal: Terminating StepId=7680949.433
slurmstepd: error: execve(): cpuvalidate: No such file or directory

(27)_20
srun: error: nid200001: task 0: Exited with exit code 2
srun: launch/slurm: _step_signal: Terminating StepId=7680949.434
slurmstepd: error: execve(): cpuvalidate: No such file or directory

(27)_20
slurmstepd: error: execve(): cpuvalidate: No such file or directory
srun: error: nid200001: task 0: Exited with exit code 2
srun: launch/slurm: _step_signal: Terminating StepId=7680949.435

(27)_20
srun: error: nid200001: task 0: Exited with exit code 2
srun: launch/slurm: _step_signal: Terminating StepId=7680949.436
slurmstepd: error: execve(): cpuvalidate: No such file or directory

(27)_20
srun: error: nid200001: task 0: Exited with exit code 2
srun: launch/slurm: _step_signal: Terminating StepId=7680949.437
slurmstepd: error: execve(): cpuvalidate: No such file or directory

(27)_20
slurmstepd: error: execve(): cpuvalidate: No such file or directory
srun: error: nid200001: task 0: Exited with exit code 2
srun: launch/slurm: _step_signal: Terminating StepId=7680949.438

(27)_20
srun: error: nid200001: task 0: Exited with exit code 2
srun: launch/slurm: _step_signal: Terminating StepId=7680949.439
slurmstepd: error: execve(): cpuvalidate: No such file or directory

(27)_20
slurmstepd: error: execve(): cpuvalidate: No such file or directory
srun: error: nid200001: task 0: Exited with exit code 2
srun: launch/slurm: _step_signal: Terminating StepId=7680949.440

(27)_20
srun: error: nid200001: task 0: Exited with exit code 2
srun: launch/slurm: _step_signal: Terminating StepId=7680949.441
slurmstepd: error: execve(): cpuvalidate: No such file or directory

(27)_20
srun: error: nid200001: task 0: Exited with exit code 2
srun: launch/slurm: _step_signal: Terminating StepId=7680949.442
slurmstepd: error: execve(): cpuvalidate: No such file or directory

(27)_20
slurmstepd: error: execve(): cpuvalidate: No such file or directory
srun: error: nid200001: task 0: Exited with exit code 2
srun: launch/slurm: _step_signal: Terminating StepId=7680949.443

(27)_20
slurmstepd: error: execve(): cpuvalidate: No such file or directory
srun: error: nid200001: task 0: Exited with exit code 2
srun: launch/slurm: _step_signal: Terminating StepId=7680949.444

(27)_20
srun: error: nid200001: task 0: Exited with exit code 2
srun: launch/slurm: _step_signal: Terminating StepId=7680949.445
slurmstepd: error: execve(): cpuvalidate: No such file or directory

(27)_20
srun: error: nid200001: task 0: Exited with exit code 2
srun: launch/slurm: _step_signal: Terminating StepId=7680949.446
slurmstepd: error: execve(): cpuvalidate: No such file or directory

(27)_20
srun: error: nid200001: task 0: Exited with exit code 2
srun: launch/slurm: _step_signal: Terminating StepId=7680949.447
slurmstepd: error: execve(): cpuvalidate: No such file or directory

(27)_20
srun: error: nid200001: task 0: Exited with exit code 2
srun: launch/slurm: _step_signal: Terminating StepId=7680949.448
slurmstepd: error: execve(): cpuvalidate: No such file or directory

(27)_20
srun: error: nid200001: task 0: Exited with exit code 2
srun: launch/slurm: _step_signal: Terminating StepId=7680949.449
slurmstepd: error: execve(): cpuvalidate: No such file or directory

(27)_20
srun: Job 7680949 step creation temporarily disabled, retrying (Requested nodes are busy)
srun: Step created for job 7680949
slurmstepd: error: execve(): cpuvalidate: No such file or directory
srun: error: nid200001: task 0: Exited with exit code 2
srun: launch/slurm: _step_signal: Terminating StepId=7680949.450

(27)_20
srun: error: nid200001: task 0: Exited with exit code 2
srun: launch/slurm: _step_signal: Terminating StepId=7680949.451
slurmstepd: error: execve(): cpuvalidate: No such file or directory

(27)_20
srun: error: nid200001: task 0: Exited with exit code 2
srun: launch/slurm: _step_signal: Terminating StepId=7680949.452
slurmstepd: error: execve(): cpuvalidate: No such file or directory

(27)_20
slurmstepd: error: execve(): cpuvalidate: No such file or directory
srun: error: nid200001: task 0: Exited with exit code 2
srun: launch/slurm: _step_signal: Terminating StepId=7680949.453

(27)_20
srun: error: nid200001: task 0: Exited with exit code 2
srun: launch/slurm: _step_signal: Terminating StepId=7680949.454
slurmstepd: error: execve(): cpuvalidate: No such file or directory

(27)_20
srun: error: nid200001: task 0: Exited with exit code 2
srun: launch/slurm: _step_signal: Terminating StepId=7680949.455
slurmstepd: error: execve(): cpuvalidate: No such file or directory

(27)_20
slurmstepd: error: execve(): cpuvalidate: No such file or directory
srun: error: nid200001: task 0: Exited with exit code 2
srun: launch/slurm: _step_signal: Terminating StepId=7680949.456

(27)_20
srun: error: nid200001: task 0: Exited with exit code 2
srun: launch/slurm: _step_signal: Terminating StepId=7680949.457
slurmstepd: error: execve(): cpuvalidate: No such file or directory

(27)_20
slurmstepd: error: execve(): cpuvalidate: No such file or directory
srun: error: nid200001: task 0: Exited with exit code 2
srun: launch/slurm: _step_signal: Terminating StepId=7680949.458

(27)_20
slurmstepd: error: execve(): cpuvalidate: No such file or directory
srun: error: nid200001: task 0: Exited with exit code 2
srun: launch/slurm: _step_signal: Terminating StepId=7680949.459

(27)_20
srun: error: nid200001: task 0: Exited with exit code 2
srun: launch/slurm: _step_signal: Terminating StepId=7680949.460
slurmstepd: error: execve(): cpuvalidate: No such file or directory

(27)_20
srun: error: nid200001: task 0: Exited with exit code 2
srun: launch/slurm: _step_signal: Terminating StepId=7680949.461
slurmstepd: error: execve(): cpuvalidate: No such file or directory

(27)_20
srun: error: nid200001: task 0: Exited with exit code 2
srun: launch/slurm: _step_signal: Terminating StepId=7680949.462
slurmstepd: error: execve(): cpuvalidate: No such file or directory

(27)_20
srun: error: nid200001: task 0: Exited with exit code 2
srun: launch/slurm: _step_signal: Terminating StepId=7680949.463
slurmstepd: error: execve(): cpuvalidate: No such file or directory

(27)_20
srun: error: nid200001: task 0: Exited with exit code 2
srun: launch/slurm: _step_signal: Terminating StepId=7680949.464
slurmstepd: error: execve(): cpuvalidate: No such file or directory

(27)_20
srun: error: nid200001: task 0: Exited with exit code 2
srun: launch/slurm: _step_signal: Terminating StepId=7680949.465
slurmstepd: error: execve(): cpuvalidate: No such file or directory

(27)_20
srun: error: nid200001: task 0: Exited with exit code 2
srun: launch/slurm: _step_signal: Terminating StepId=7680949.466
slurmstepd: error: execve(): cpuvalidate: No such file or directory

(27)_20
srun: error: nid200001: task 0: Exited with exit code 2
srun: launch/slurm: _step_signal: Terminating StepId=7680949.467
slurmstepd: error: execve(): cpuvalidate: No such file or directory

(27)_20
slurmstepd: error: execve(): cpuvalidate: No such file or directory
srun: error: nid200001: task 0: Exited with exit code 2
srun: launch/slurm: _step_signal: Terminating StepId=7680949.468

(27)_20
srun: error: nid200001: task 0: Exited with exit code 2
srun: launch/slurm: _step_signal: Terminating StepId=7680949.469
slurmstepd: error: execve(): cpuvalidate: No such file or directory

(27)_20
srun: error: nid200001: task 0: Exited with exit code 2
srun: launch/slurm: _step_signal: Terminating StepId=7680949.470
slurmstepd: error: execve(): cpuvalidate: No such file or directory

(27)_20
slurmstepd: error: execve(): cpuvalidate: No such file or directory
srun: error: nid200001: task 0: Exited with exit code 2
srun: launch/slurm: _step_signal: Terminating StepId=7680949.471

(27)_20
srun: error: nid200001: task 0: Exited with exit code 2
srun: launch/slurm: _step_signal: Terminating StepId=7680949.472
slurmstepd: error: execve(): cpuvalidate: No such file or directory

(27)_20
srun: error: nid200001: task 0: Exited with exit code 2
srun: launch/slurm: _step_signal: Terminating StepId=7680949.473
slurmstepd: error: execve(): cpuvalidate: No such file or directory

(27)_20
srun: error: nid200001: task 0: Exited with exit code 2
srun: launch/slurm: _step_signal: Terminating StepId=7680949.474
slurmstepd: error: execve(): cpuvalidate: No such file or directory

(27)_20
srun: error: nid200001: task 0: Exited with exit code 2
srun: launch/slurm: _step_signal: Terminating StepId=7680949.475
slurmstepd: error: execve(): cpuvalidate: No such file or directory

(27)_20
srun: error: nid200001: task 0: Exited with exit code 2
srun: launch/slurm: _step_signal: Terminating StepId=7680949.476
slurmstepd: error: execve(): cpuvalidate: No such file or directory

(27)_20
srun: error: nid200001: task 0: Exited with exit code 2
srun: launch/slurm: _step_signal: Terminating StepId=7680949.477
slurmstepd: error: execve(): cpuvalidate: No such file or directory

(27)_20
srun: error: nid200001: task 0: Exited with exit code 2
srun: launch/slurm: _step_signal: Terminating StepId=7680949.478
slurmstepd: error: execve(): cpuvalidate: No such file or directory

(27)_20
srun: error: nid200001: task 0: Exited with exit code 2
srun: launch/slurm: _step_signal: Terminating StepId=7680949.479
slurmstepd: error: execve(): cpuvalidate: No such file or directory

(27)_20
srun: error: nid200001: task 0: Exited with exit code 2
srun: launch/slurm: _step_signal: Terminating StepId=7680949.480
slurmstepd: error: execve(): cpuvalidate: No such file or directory

(27)_20
srun: error: nid200001: task 0: Exited with exit code 2
srun: launch/slurm: _step_signal: Terminating StepId=7680949.481
slurmstepd: error: execve(): cpuvalidate: No such file or directory

(27)_20
srun: error: nid200001: task 0: Exited with exit code 2
srun: launch/slurm: _step_signal: Terminating StepId=7680949.482
slurmstepd: error: execve(): cpuvalidate: No such file or directory

(27)_20
srun: error: nid200001: task 0: Exited with exit code 2
srun: launch/slurm: _step_signal: Terminating StepId=7680949.483
slurmstepd: error: execve(): cpuvalidate: No such file or directory

(27)_20
srun: error: nid200001: task 0: Exited with exit code 2
srun: launch/slurm: _step_signal: Terminating StepId=7680949.484
slurmstepd: error: execve(): cpuvalidate: No such file or directory

(27)_20
srun: error: nid200001: task 0: Exited with exit code 2
srun: launch/slurm: _step_signal: Terminating StepId=7680949.485
slurmstepd: error: execve(): cpuvalidate: No such file or directory

(27)_20
srun: error: nid200001: task 0: Exited with exit code 2
srun: launch/slurm: _step_signal: Terminating StepId=7680949.486
slurmstepd: error: execve(): cpuvalidate: No such file or directory

(27)_20
srun: error: nid200001: task 0: Exited with exit code 2
srun: launch/slurm: _step_signal: Terminating StepId=7680949.487
slurmstepd: error: execve(): cpuvalidate: No such file or directory

(27)_20
srun: error: nid200001: task 0: Exited with exit code 2
srun: launch/slurm: _step_signal: Terminating StepId=7680949.488
slurmstepd: error: execve(): cpuvalidate: No such file or directory

(27)_20
srun: error: nid200001: task 0: Exited with exit code 2
srun: launch/slurm: _step_signal: Terminating StepId=7680949.489
slurmstepd: error: execve(): cpuvalidate: No such file or directory

(27)_20
srun: error: nid200001: task 0: Exited with exit code 2
srun: launch/slurm: _step_signal: Terminating StepId=7680949.490
slurmstepd: error: execve(): cpuvalidate: No such file or directory

(27)_20
srun: error: nid200001: task 0: Exited with exit code 2
srun: launch/slurm: _step_signal: Terminating StepId=7680949.491
slurmstepd: error: execve(): cpuvalidate: No such file or directory

(27)_20
srun: error: nid200001: task 0: Exited with exit code 2
srun: launch/slurm: _step_signal: Terminating StepId=7680949.492
slurmstepd: error: execve(): cpuvalidate: No such file or directory

(27)_20
srun: error: nid200001: task 0: Exited with exit code 2
srun: launch/slurm: _step_signal: Terminating StepId=7680949.493
slurmstepd: error: execve(): cpuvalidate: No such file or directory

(27)_20
srun: error: nid200001: task 0: Exited with exit code 2
srun: launch/slurm: _step_signal: Terminating StepId=7680949.494
slurmstepd: error: execve(): cpuvalidate: No such file or directory

(27)_20
srun: error: nid200001: task 0: Exited with exit code 2
srun: launch/slurm: _step_signal: Terminating StepId=7680949.495
slurmstepd: error: execve(): cpuvalidate: No such file or directory

(27)_20
srun: error: nid200001: task 0: Exited with exit code 2
srun: launch/slurm: _step_signal: Terminating StepId=7680949.496
slurmstepd: error: execve(): cpuvalidate: No such file or directory

(27)_20
srun: error: nid200001: task 0: Exited with exit code 2
srun: launch/slurm: _step_signal: Terminating StepId=7680949.497
slurmstepd: error: execve(): cpuvalidate: No such file or directory

(27)_20
srun: error: nid200001: task 0: Exited with exit code 2
srun: launch/slurm: _step_signal: Terminating StepId=7680949.498
slurmstepd: error: execve(): cpuvalidate: No such file or directory

(27)_20
srun: error: nid200001: task 0: Exited with exit code 2
srun: launch/slurm: _step_signal: Terminating StepId=7680949.499
slurmstepd: error: execve(): cpuvalidate: No such file or directory

/mnt/lustre/a2fs-work1/work/d35/d35/weiyu24/Microbenchmarking-of-Accelerators-Offloading/openmpbench_C_v40/visualise2.py:19: SyntaxWarning: "is" with a literal. Did you mean "=="?
  if switch is 0:
Plot saved to Plots/archer2/7680949/refall_cpuvalidate_27_4_performance.png
Plot saved to Plots/archer2/7680949/func1_cpuvalidate_27_4_performance.png
test1and2_measured
Analysing datasets ...... read delay lengths are ['19', '21', '22', '24', '26', '28', '30', '32', '34', '37', '40', '43', '46', '49', '53', '56', '61', '65', '70', '75', '80', '86', '92', '99', '106', '114', '122', '131', '141', '151', '162', '173', '186', '199', '214', '229', '246', '264', '283', '303', '325', '349', '374', '401', '430', '462', '495', '531', '569', '610', '654', '702', '752', '807', '865', '928', '995', '1067', '1144', '1227', '1315', '1410', '1512', '1622', '1739', '1865', '1999', '2144', '2299', '2465', '2643', '2834', '3039', '3259', '3495', '3747', '4018', '4308', '4620', '4954', '5312', '5696', '6107', '6549', '7022', '7529', '8074', '8657', '9283', '9954', '10673', '11444', '12271', '13158', '14109', '15129', '16222', '17394', '18652', '19999']

Traceback (most recent call last):
  File "/mnt/lustre/a2fs-work1/work/d35/d35/weiyu24/Microbenchmarking-of-Accelerators-Offloading/openmpbench_C_v40/Analysis/analysis.py", line 137, in <module>
    main()
  File "/mnt/lustre/a2fs-work1/work/d35/d35/weiyu24/Microbenchmarking-of-Accelerators-Offloading/openmpbench_C_v40/Analysis/analysis.py", line 129, in main
    data_content = np.transpose(np.loadtxt(args.data_filename, skiprows=1))
  File "/opt/cray/pe/python/3.9.13.1/lib/python3.9/site-packages/numpy/lib/npyio.py", line 1148, in loadtxt
    for x in read_data(_loadtxt_chunksize):
  File "/opt/cray/pe/python/3.9.13.1/lib/python3.9/site-packages/numpy/lib/npyio.py", line 995, in read_data
    raise ValueError("Wrong number of columns at line %d"
ValueError: Wrong number of columns at line 6
test1_measured
Analysing datasets ...... read delay lengths are ['19', '21', '22', '24', '26', '28', '30', '32', '34', '37', '40', '43', '46', '49', '53', '56', '61', '65', '70', '75', '80', '86', '92', '99', '106', '114', '122', '131', '141', '151', '162', '173', '186', '199', '214', '229', '246', '264', '283', '303', '325', '349', '374', '401', '430', '462', '495', '531', '569', '610', '654', '702', '752', '807', '865', '928', '995', '1067', '1144', '1227', '1315', '1410', '1512', '1622', '1739', '1865', '1999', '2144', '2299', '2465', '2643', '2834', '3039', '3259', '3495', '3747', '4018', '4308', '4620', '4954', '5312', '5696', '6107', '6549', '7022', '7529', '8074', '8657', '9283', '9954', '10673', '11444', '12271', '13158', '14109', '15129', '16222', '17394', '18652', '19999']

Traceback (most recent call last):
  File "/mnt/lustre/a2fs-work1/work/d35/d35/weiyu24/Microbenchmarking-of-Accelerators-Offloading/openmpbench_C_v40/Analysis/analysis.py", line 137, in <module>
    main()
  File "/mnt/lustre/a2fs-work1/work/d35/d35/weiyu24/Microbenchmarking-of-Accelerators-Offloading/openmpbench_C_v40/Analysis/analysis.py", line 129, in main
    data_content = np.transpose(np.loadtxt(args.data_filename, skiprows=1))
  File "/opt/cray/pe/python/3.9.13.1/lib/python3.9/site-packages/numpy/lib/npyio.py", line 1148, in loadtxt
    for x in read_data(_loadtxt_chunksize):
  File "/opt/cray/pe/python/3.9.13.1/lib/python3.9/site-packages/numpy/lib/npyio.py", line 995, in read_data
    raise ValueError("Wrong number of columns at line %d"
ValueError: Wrong number of columns at line 6
test1_subtracted
Analysing datasets ...... read delay lengths are ['19', '21', '22', '24', '26', '28', '30', '32', '34', '37', '40', '43', '46', '49', '53', '56', '61', '65', '70', '75', '80', '86', '92', '99', '106', '114', '122', '131', '141', '151', '162', '173', '186', '199', '214', '229', '246', '264', '283', '303', '325', '349', '374', '401', '430', '462', '495', '531', '569', '610', '654', '702', '752', '807', '865', '928', '995', '1067', '1144', '1227', '1315', '1410', '1512', '1622', '1739', '1865', '1999', '2144', '2299', '2465', '2643', '2834', '3039', '3259', '3495', '3747', '4018', '4308', '4620', '4954', '5312', '5696', '6107', '6549', '7022', '7529', '8074', '8657', '9283', '9954', '10673', '11444', '12271', '13158', '14109', '15129', '16222', '17394', '18652', '19999']

Traceback (most recent call last):
  File "/mnt/lustre/a2fs-work1/work/d35/d35/weiyu24/Microbenchmarking-of-Accelerators-Offloading/openmpbench_C_v40/Analysis/analysis.py", line 137, in <module>
    main()
  File "/mnt/lustre/a2fs-work1/work/d35/d35/weiyu24/Microbenchmarking-of-Accelerators-Offloading/openmpbench_C_v40/Analysis/analysis.py", line 129, in main
    data_content = np.transpose(np.loadtxt(args.data_filename, skiprows=1))
  File "/opt/cray/pe/python/3.9.13.1/lib/python3.9/site-packages/numpy/lib/npyio.py", line 1148, in loadtxt
    for x in read_data(_loadtxt_chunksize):
  File "/opt/cray/pe/python/3.9.13.1/lib/python3.9/site-packages/numpy/lib/npyio.py", line 995, in read_data
    raise ValueError("Wrong number of columns at line %d"
ValueError: Wrong number of columns at line 6
test2_measured
Analysing datasets ...... read delay lengths are ['19', '21', '22', '24', '26', '28', '30', '32', '34', '37', '40', '43', '46', '49', '53', '56', '61', '65', '70', '75', '80', '86', '92', '99', '106', '114', '122', '131', '141', '151', '162', '173', '186', '199', '214', '229', '246', '264', '283', '303', '325', '349', '374', '401', '430', '462', '495', '531', '569', '610', '654', '702', '752', '807', '865', '928', '995', '1067', '1144', '1227', '1315', '1410', '1512', '1622', '1739', '1865', '1999', '2144', '2299', '2465', '2643', '2834', '3039', '3259', '3495', '3747', '4018', '4308', '4620', '4954', '5312', '5696', '6107', '6549', '7022', '7529', '8074', '8657', '9283', '9954', '10673', '11444', '12271', '13158', '14109', '15129', '16222', '17394', '18652', '19999']

Traceback (most recent call last):
  File "/mnt/lustre/a2fs-work1/work/d35/d35/weiyu24/Microbenchmarking-of-Accelerators-Offloading/openmpbench_C_v40/Analysis/analysis.py", line 137, in <module>
    main()
  File "/mnt/lustre/a2fs-work1/work/d35/d35/weiyu24/Microbenchmarking-of-Accelerators-Offloading/openmpbench_C_v40/Analysis/analysis.py", line 129, in main
    data_content = np.transpose(np.loadtxt(args.data_filename, skiprows=1))
  File "/opt/cray/pe/python/3.9.13.1/lib/python3.9/site-packages/numpy/lib/npyio.py", line 1148, in loadtxt
    for x in read_data(_loadtxt_chunksize):
  File "/opt/cray/pe/python/3.9.13.1/lib/python3.9/site-packages/numpy/lib/npyio.py", line 995, in read_data
    raise ValueError("Wrong number of columns at line %d"
ValueError: Wrong number of columns at line 6
